1    [XML-RPC-0] ERROR org.apache.xmlrpc.server.XmlRpcStreamServer - execute: Error while performing request
org.apache.xmlrpc.common.XmlRpcInvocationException: Failed to invoke method execute in class com.nantic.jasperreports.JasperServer: Error evaluating expression for source text: new java.text.SimpleDateFormat("yyyy-MM-dd").parse($F{Fecha_de_inicio-date_start2})
	at org.apache.xmlrpc.server.ReflectiveXmlRpcHandler.invoke(ReflectiveXmlRpcHandler.java:126)
	at org.apache.xmlrpc.server.ReflectiveXmlRpcHandler.execute(ReflectiveXmlRpcHandler.java:103)
	at org.apache.xmlrpc.server.XmlRpcServerWorker.execute(XmlRpcServerWorker.java:43)
	at org.apache.xmlrpc.server.XmlRpcServer.execute(XmlRpcServer.java:83)
	at org.apache.xmlrpc.server.XmlRpcStreamServer.execute(XmlRpcStreamServer.java:191)
	at org.apache.xmlrpc.webserver.Connection.run(Connection.java:205)
	at org.apache.xmlrpc.util.ThreadPool$Poolable$1.run(ThreadPool.java:68)
Caused by: net.sf.jasperreports.engine.fill.JRExpressionEvalException: Error evaluating expression for source text: new java.text.SimpleDateFormat("yyyy-MM-dd").parse($F{Fecha_de_inicio-date_start2})
	at net.sf.jasperreports.engine.fill.JREvaluator.handleEvaluationException(JREvaluator.java:287)
	at net.sf.jasperreports.compilers.GroovyEvaluator.handleEvaluationException(GroovyEvaluator.java:98)
	at net.sf.jasperreports.engine.fill.JREvaluator.evaluateEstimated(JREvaluator.java:395)
	at net.sf.jasperreports.engine.fill.JRCalculator.evaluateEstimated(JRCalculator.java:663)
	at net.sf.jasperreports.engine.fill.JRCalculator.estimateVariables(JRCalculator.java:249)
	at net.sf.jasperreports.engine.fill.JRFillDataset.next(JRFillDataset.java:1392)
	at net.sf.jasperreports.engine.fill.SortFillDatasetRun.advanceDataset(DatasetSortUtil.java:371)
	at net.sf.jasperreports.engine.fill.JRFillDatasetRun.iterate(JRFillDatasetRun.java:301)
	at net.sf.jasperreports.engine.fill.SortFillDatasetRun.sort(DatasetSortUtil.java:319)
	at net.sf.jasperreports.engine.fill.DatasetSortUtil.getSortedDataSource(DatasetSortUtil.java:112)
	at net.sf.jasperreports.engine.fill.JRFillDataset.initDatasource(JRFillDataset.java:730)
	at net.sf.jasperreports.engine.fill.BaseReportFiller.setParameters(BaseReportFiller.java:429)
	at net.sf.jasperreports.engine.fill.JRBaseFiller.fill(JRBaseFiller.java:572)
	at net.sf.jasperreports.engine.fill.BaseReportFiller.fill(BaseReportFiller.java:405)
	at net.sf.jasperreports.engine.fill.JRFiller.fill(JRFiller.java:140)
	at net.sf.jasperreports.engine.JasperFillManager.fill(JasperFillManager.java:667)
	at net.sf.jasperreports.engine.JasperFillManager.fillReport(JasperFillManager.java:983)
	at com.nantic.jasperreports.JasperServer.privateExecute(JasperServer.java:221)
	at com.nantic.jasperreports.JasperServer.execute(JasperServer.java:130)
	at java.base/jdk.internal.reflect.NativeMethodAccessorImpl.invoke0(Native Method)
	at java.base/jdk.internal.reflect.NativeMethodAccessorImpl.invoke(NativeMethodAccessorImpl.java:62)
	at java.base/jdk.internal.reflect.DelegatingMethodAccessorImpl.invoke(DelegatingMethodAccessorImpl.java:43)
	at java.base/java.lang.reflect.Method.invoke(Method.java:566)
	at org.apache.xmlrpc.server.ReflectiveXmlRpcHandler.invoke(ReflectiveXmlRpcHandler.java:112)
	... 6 more
Caused by: java.text.ParseException: Unparseable date: ""
	at java.base/java.text.DateFormat.parse(DateFormat.java:395)
	at java.base/jdk.internal.reflect.NativeMethodAccessorImpl.invoke0(Native Method)
	at java.base/jdk.internal.reflect.NativeMethodAccessorImpl.invoke(NativeMethodAccessorImpl.java:62)
	at java.base/jdk.internal.reflect.DelegatingMethodAccessorImpl.invoke(DelegatingMethodAccessorImpl.java:43)
	at java.base/java.lang.reflect.Method.invoke(Method.java:566)
	at org.codehaus.groovy.runtime.callsite.PojoMetaMethodSite$PojoCachedMethodSite.invoke(PojoMetaMethodSite.java:189)
	at org.codehaus.groovy.runtime.callsite.PojoMetaMethodSite.call(PojoMetaMethodSite.java:53)
	at org.codehaus.groovy.runtime.callsite.CallSiteArray.defaultCall(CallSiteArray.java:45)
	at org.codehaus.groovy.runtime.callsite.AbstractCallSite.call(AbstractCallSite.java:108)
	at org.codehaus.groovy.runtime.callsite.AbstractCallSite.call(AbstractCallSite.java:116)
	at report32name_1577388060662_282598.evaluateEstimated(calculator_report32name_1577388060662_282598:1318)
	at net.sf.jasperreports.engine.fill.JREvaluator.evaluateEstimated(JREvaluator.java:381)
	... 27 more
Caused by:
net.sf.jasperreports.engine.fill.JRExpressionEvalException: Error evaluating expression for source text: new java.text.SimpleDateFormat("yyyy-MM-dd").parse($F{Fecha_de_inicio-date_start2})
	at net.sf.jasperreports.engine.fill.JREvaluator.handleEvaluationException(JREvaluator.java:287)
	at net.sf.jasperreports.compilers.GroovyEvaluator.handleEvaluationException(GroovyEvaluator.java:98)
	at net.sf.jasperreports.engine.fill.JREvaluator.evaluateEstimated(JREvaluator.java:395)
	at net.sf.jasperreports.engine.fill.JRCalculator.evaluateEstimated(JRCalculator.java:663)
	at net.sf.jasperreports.engine.fill.JRCalculator.estimateVariables(JRCalculator.java:249)
	at net.sf.jasperreports.engine.fill.JRFillDataset.next(JRFillDataset.java:1392)
	at net.sf.jasperreports.engine.fill.SortFillDatasetRun.advanceDataset(DatasetSortUtil.java:371)
	at net.sf.jasperreports.engine.fill.JRFillDatasetRun.iterate(JRFillDatasetRun.java:301)
	at net.sf.jasperreports.engine.fill.SortFillDatasetRun.sort(DatasetSortUtil.java:319)
	at net.sf.jasperreports.engine.fill.DatasetSortUtil.getSortedDataSource(DatasetSortUtil.java:112)
	at net.sf.jasperreports.engine.fill.JRFillDataset.initDatasource(JRFillDataset.java:730)
	at net.sf.jasperreports.engine.fill.BaseReportFiller.setParameters(BaseReportFiller.java:429)
	at net.sf.jasperreports.engine.fill.JRBaseFiller.fill(JRBaseFiller.java:572)
	at net.sf.jasperreports.engine.fill.BaseReportFiller.fill(BaseReportFiller.java:405)
	at net.sf.jasperreports.engine.fill.JRFiller.fill(JRFiller.java:140)
	at net.sf.jasperreports.engine.JasperFillManager.fill(JasperFillManager.java:667)
	at net.sf.jasperreports.engine.JasperFillManager.fillReport(JasperFillManager.java:983)
	at com.nantic.jasperreports.JasperServer.privateExecute(JasperServer.java:221)
	at com.nantic.jasperreports.JasperServer.execute(JasperServer.java:130)
	at java.base/jdk.internal.reflect.NativeMethodAccessorImpl.invoke0(Native Method)
	at java.base/jdk.internal.reflect.NativeMethodAccessorImpl.invoke(NativeMethodAccessorImpl.java:62)
	at java.base/jdk.internal.reflect.DelegatingMethodAccessorImpl.invoke(DelegatingMethodAccessorImpl.java:43)
	at java.base/java.lang.reflect.Method.invoke(Method.java:566)
	at org.apache.xmlrpc.server.ReflectiveXmlRpcHandler.invoke(ReflectiveXmlRpcHandler.java:112)
	at org.apache.xmlrpc.server.ReflectiveXmlRpcHandler.execute(ReflectiveXmlRpcHandler.java:103)
	at org.apache.xmlrpc.server.XmlRpcServerWorker.execute(XmlRpcServerWorker.java:43)
	at org.apache.xmlrpc.server.XmlRpcServer.execute(XmlRpcServer.java:83)
	at org.apache.xmlrpc.server.XmlRpcStreamServer.execute(XmlRpcStreamServer.java:191)
	at org.apache.xmlrpc.webserver.Connection.run(Connection.java:205)
	at org.apache.xmlrpc.util.ThreadPool$Poolable$1.run(ThreadPool.java:68)
Caused by: java.text.ParseException: Unparseable date: ""
	at java.base/java.text.DateFormat.parse(DateFormat.java:395)
	at java.base/jdk.internal.reflect.NativeMethodAccessorImpl.invoke0(Native Method)
	at java.base/jdk.internal.reflect.NativeMethodAccessorImpl.invoke(NativeMethodAccessorImpl.java:62)
	at java.base/jdk.internal.reflect.DelegatingMethodAccessorImpl.invoke(DelegatingMethodAccessorImpl.java:43)
	at java.base/java.lang.reflect.Method.invoke(Method.java:566)
	at org.codehaus.groovy.runtime.callsite.PojoMetaMethodSite$PojoCachedMethodSite.invoke(PojoMetaMethodSite.java:189)
	at org.codehaus.groovy.runtime.callsite.PojoMetaMethodSite.call(PojoMetaMethodSite.java:53)
	at org.codehaus.groovy.runtime.callsite.CallSiteArray.defaultCall(CallSiteArray.java:45)
	at org.codehaus.groovy.runtime.callsite.AbstractCallSite.call(AbstractCallSite.java:108)
	at org.codehaus.groovy.runtime.callsite.AbstractCallSite.call(AbstractCallSite.java:116)
	at report32name_1577388060662_282598.evaluateEstimated(calculator_report32name_1577388060662_282598:1318)
	at net.sf.jasperreports.engine.fill.JREvaluator.evaluateEstimated(JREvaluator.java:381)
	... 27 more
383433 [XML-RPC-0] ERROR org.apache.xmlrpc.server.XmlRpcStreamServer - execute: Error while performing request
org.apache.xmlrpc.common.XmlRpcInvocationException: Failed to invoke method execute in class com.nantic.jasperreports.JasperServer: Error evaluating expression for source text: new java.text.SimpleDateFormat("yyyy-MM-dd").parse($F{Fecha_de_inicio-date_start2})
	at org.apache.xmlrpc.server.ReflectiveXmlRpcHandler.invoke(ReflectiveXmlRpcHandler.java:126)
	at org.apache.xmlrpc.server.ReflectiveXmlRpcHandler.execute(ReflectiveXmlRpcHandler.java:103)
	at org.apache.xmlrpc.server.XmlRpcServerWorker.execute(XmlRpcServerWorker.java:43)
	at org.apache.xmlrpc.server.XmlRpcServer.execute(XmlRpcServer.java:83)
	at org.apache.xmlrpc.server.XmlRpcStreamServer.execute(XmlRpcStreamServer.java:191)
	at org.apache.xmlrpc.webserver.Connection.run(Connection.java:205)
	at org.apache.xmlrpc.util.ThreadPool$Poolable$1.run(ThreadPool.java:68)
Caused by: net.sf.jasperreports.engine.fill.JRExpressionEvalException: Error evaluating expression for source text: new java.text.SimpleDateFormat("yyyy-MM-dd").parse($F{Fecha_de_inicio-date_start2})
	at net.sf.jasperreports.engine.fill.JREvaluator.handleEvaluationException(JREvaluator.java:287)
	at net.sf.jasperreports.compilers.GroovyEvaluator.handleEvaluationException(GroovyEvaluator.java:98)
	at net.sf.jasperreports.engine.fill.JREvaluator.evaluateEstimated(JREvaluator.java:395)
	at net.sf.jasperreports.engine.fill.JRCalculator.evaluateEstimated(JRCalculator.java:663)
	at net.sf.jasperreports.engine.fill.JRCalculator.estimateVariables(JRCalculator.java:249)
	at net.sf.jasperreports.engine.fill.JRFillDataset.next(JRFillDataset.java:1392)
	at net.sf.jasperreports.engine.fill.SortFillDatasetRun.advanceDataset(DatasetSortUtil.java:371)
	at net.sf.jasperreports.engine.fill.JRFillDatasetRun.iterate(JRFillDatasetRun.java:301)
	at net.sf.jasperreports.engine.fill.SortFillDatasetRun.sort(DatasetSortUtil.java:319)
	at net.sf.jasperreports.engine.fill.DatasetSortUtil.getSortedDataSource(DatasetSortUtil.java:112)
	at net.sf.jasperreports.engine.fill.JRFillDataset.initDatasource(JRFillDataset.java:730)
	at net.sf.jasperreports.engine.fill.BaseReportFiller.setParameters(BaseReportFiller.java:429)
	at net.sf.jasperreports.engine.fill.JRBaseFiller.fill(JRBaseFiller.java:572)
	at net.sf.jasperreports.engine.fill.BaseReportFiller.fill(BaseReportFiller.java:405)
	at net.sf.jasperreports.engine.fill.JRFiller.fill(JRFiller.java:140)
	at net.sf.jasperreports.engine.JasperFillManager.fill(JasperFillManager.java:667)
	at net.sf.jasperreports.engine.JasperFillManager.fillReport(JasperFillManager.java:983)
	at com.nantic.jasperreports.JasperServer.privateExecute(JasperServer.java:221)
	at com.nantic.jasperreports.JasperServer.execute(JasperServer.java:130)
	at java.base/jdk.internal.reflect.NativeMethodAccessorImpl.invoke0(Native Method)
	at java.base/jdk.internal.reflect.NativeMethodAccessorImpl.invoke(NativeMethodAccessorImpl.java:62)
	at java.base/jdk.internal.reflect.DelegatingMethodAccessorImpl.invoke(DelegatingMethodAccessorImpl.java:43)
	at java.base/java.lang.reflect.Method.invoke(Method.java:566)
	at org.apache.xmlrpc.server.ReflectiveXmlRpcHandler.invoke(ReflectiveXmlRpcHandler.java:112)
	... 6 more
Caused by: java.text.ParseException: Unparseable date: ""
	at java.base/java.text.DateFormat.parse(DateFormat.java:395)
	at java.base/jdk.internal.reflect.NativeMethodAccessorImpl.invoke0(Native Method)
	at java.base/jdk.internal.reflect.NativeMethodAccessorImpl.invoke(NativeMethodAccessorImpl.java:62)
	at java.base/jdk.internal.reflect.DelegatingMethodAccessorImpl.invoke(DelegatingMethodAccessorImpl.java:43)
	at java.base/java.lang.reflect.Method.invoke(Method.java:566)
	at org.codehaus.groovy.runtime.callsite.PojoMetaMethodSite$PojoCachedMethodSite.invoke(PojoMetaMethodSite.java:189)
	at org.codehaus.groovy.runtime.callsite.PojoMetaMethodSite.call(PojoMetaMethodSite.java:53)
	at org.codehaus.groovy.runtime.callsite.AbstractCallSite.call(AbstractCallSite.java:116)
	at report32name_1577388060662_282598.evaluateEstimated(calculator_report32name_1577388060662_282598:1318)
	at net.sf.jasperreports.engine.fill.JREvaluator.evaluateEstimated(JREvaluator.java:381)
	... 27 more
Caused by:
net.sf.jasperreports.engine.fill.JRExpressionEvalException: Error evaluating expression for source text: new java.text.SimpleDateFormat("yyyy-MM-dd").parse($F{Fecha_de_inicio-date_start2})
	at net.sf.jasperreports.engine.fill.JREvaluator.handleEvaluationException(JREvaluator.java:287)
	at net.sf.jasperreports.compilers.GroovyEvaluator.handleEvaluationException(GroovyEvaluator.java:98)
	at net.sf.jasperreports.engine.fill.JREvaluator.evaluateEstimated(JREvaluator.java:395)
	at net.sf.jasperreports.engine.fill.JRCalculator.evaluateEstimated(JRCalculator.java:663)
	at net.sf.jasperreports.engine.fill.JRCalculator.estimateVariables(JRCalculator.java:249)
	at net.sf.jasperreports.engine.fill.JRFillDataset.next(JRFillDataset.java:1392)
	at net.sf.jasperreports.engine.fill.SortFillDatasetRun.advanceDataset(DatasetSortUtil.java:371)
	at net.sf.jasperreports.engine.fill.JRFillDatasetRun.iterate(JRFillDatasetRun.java:301)
	at net.sf.jasperreports.engine.fill.SortFillDatasetRun.sort(DatasetSortUtil.java:319)
	at net.sf.jasperreports.engine.fill.DatasetSortUtil.getSortedDataSource(DatasetSortUtil.java:112)
	at net.sf.jasperreports.engine.fill.JRFillDataset.initDatasource(JRFillDataset.java:730)
	at net.sf.jasperreports.engine.fill.BaseReportFiller.setParameters(BaseReportFiller.java:429)
	at net.sf.jasperreports.engine.fill.JRBaseFiller.fill(JRBaseFiller.java:572)
	at net.sf.jasperreports.engine.fill.BaseReportFiller.fill(BaseReportFiller.java:405)
	at net.sf.jasperreports.engine.fill.JRFiller.fill(JRFiller.java:140)
	at net.sf.jasperreports.engine.JasperFillManager.fill(JasperFillManager.java:667)
	at net.sf.jasperreports.engine.JasperFillManager.fillReport(JasperFillManager.java:983)
	at com.nantic.jasperreports.JasperServer.privateExecute(JasperServer.java:221)
	at com.nantic.jasperreports.JasperServer.execute(JasperServer.java:130)
	at java.base/jdk.internal.reflect.NativeMethodAccessorImpl.invoke0(Native Method)
	at java.base/jdk.internal.reflect.NativeMethodAccessorImpl.invoke(NativeMethodAccessorImpl.java:62)
	at java.base/jdk.internal.reflect.DelegatingMethodAccessorImpl.invoke(DelegatingMethodAccessorImpl.java:43)
	at java.base/java.lang.reflect.Method.invoke(Method.java:566)
	at org.apache.xmlrpc.server.ReflectiveXmlRpcHandler.invoke(ReflectiveXmlRpcHandler.java:112)
	at org.apache.xmlrpc.server.ReflectiveXmlRpcHandler.execute(ReflectiveXmlRpcHandler.java:103)
	at org.apache.xmlrpc.server.XmlRpcServerWorker.execute(XmlRpcServerWorker.java:43)
	at org.apache.xmlrpc.server.XmlRpcServer.execute(XmlRpcServer.java:83)
	at org.apache.xmlrpc.server.XmlRpcStreamServer.execute(XmlRpcStreamServer.java:191)
	at org.apache.xmlrpc.webserver.Connection.run(Connection.java:205)
	at org.apache.xmlrpc.util.ThreadPool$Poolable$1.run(ThreadPool.java:68)
Caused by: java.text.ParseException: Unparseable date: ""
	at java.base/java.text.DateFormat.parse(DateFormat.java:395)
	at java.base/jdk.internal.reflect.NativeMethodAccessorImpl.invoke0(Native Method)
	at java.base/jdk.internal.reflect.NativeMethodAccessorImpl.invoke(NativeMethodAccessorImpl.java:62)
	at java.base/jdk.internal.reflect.DelegatingMethodAccessorImpl.invoke(DelegatingMethodAccessorImpl.java:43)
	at java.base/java.lang.reflect.Method.invoke(Method.java:566)
	at org.codehaus.groovy.runtime.callsite.PojoMetaMethodSite$PojoCachedMethodSite.invoke(PojoMetaMethodSite.java:189)
	at org.codehaus.groovy.runtime.callsite.PojoMetaMethodSite.call(PojoMetaMethodSite.java:53)
	at org.codehaus.groovy.runtime.callsite.AbstractCallSite.call(AbstractCallSite.java:116)
	at report32name_1577388060662_282598.evaluateEstimated(calculator_report32name_1577388060662_282598:1318)
	at net.sf.jasperreports.engine.fill.JREvaluator.evaluateEstimated(JREvaluator.java:381)
	... 27 more
1    [XML-RPC-0] ERROR org.apache.xmlrpc.server.XmlRpcStreamServer - execute: Error while performing request
org.apache.xmlrpc.common.XmlRpcInvocationException: Failed to invoke method execute in class com.nantic.jasperreports.JasperServer: Error evaluating expression for source text: new java.text.SimpleDateFormat("yyyy-MM-dd").parse($F{Fecha_de_inicio-date_start2})
	at org.apache.xmlrpc.server.ReflectiveXmlRpcHandler.invoke(ReflectiveXmlRpcHandler.java:126)
	at org.apache.xmlrpc.server.ReflectiveXmlRpcHandler.execute(ReflectiveXmlRpcHandler.java:103)
	at org.apache.xmlrpc.server.XmlRpcServerWorker.execute(XmlRpcServerWorker.java:43)
	at org.apache.xmlrpc.server.XmlRpcServer.execute(XmlRpcServer.java:83)
	at org.apache.xmlrpc.server.XmlRpcStreamServer.execute(XmlRpcStreamServer.java:191)
	at org.apache.xmlrpc.webserver.Connection.run(Connection.java:205)
	at org.apache.xmlrpc.util.ThreadPool$Poolable$1.run(ThreadPool.java:68)
Caused by: net.sf.jasperreports.engine.fill.JRExpressionEvalException: Error evaluating expression for source text: new java.text.SimpleDateFormat("yyyy-MM-dd").parse($F{Fecha_de_inicio-date_start2})
	at net.sf.jasperreports.engine.fill.JREvaluator.handleEvaluationException(JREvaluator.java:287)
	at net.sf.jasperreports.compilers.GroovyEvaluator.handleEvaluationException(GroovyEvaluator.java:98)
	at net.sf.jasperreports.engine.fill.JREvaluator.evaluateEstimated(JREvaluator.java:395)
	at net.sf.jasperreports.engine.fill.JRCalculator.evaluateEstimated(JRCalculator.java:663)
	at net.sf.jasperreports.engine.fill.JRCalculator.estimateVariables(JRCalculator.java:249)
	at net.sf.jasperreports.engine.fill.JRFillDataset.next(JRFillDataset.java:1392)
	at net.sf.jasperreports.engine.fill.SortFillDatasetRun.advanceDataset(DatasetSortUtil.java:371)
	at net.sf.jasperreports.engine.fill.JRFillDatasetRun.iterate(JRFillDatasetRun.java:301)
	at net.sf.jasperreports.engine.fill.SortFillDatasetRun.sort(DatasetSortUtil.java:319)
	at net.sf.jasperreports.engine.fill.DatasetSortUtil.getSortedDataSource(DatasetSortUtil.java:112)
	at net.sf.jasperreports.engine.fill.JRFillDataset.initDatasource(JRFillDataset.java:730)
	at net.sf.jasperreports.engine.fill.BaseReportFiller.setParameters(BaseReportFiller.java:429)
	at net.sf.jasperreports.engine.fill.JRBaseFiller.fill(JRBaseFiller.java:572)
	at net.sf.jasperreports.engine.fill.BaseReportFiller.fill(BaseReportFiller.java:405)
	at net.sf.jasperreports.engine.fill.JRFiller.fill(JRFiller.java:140)
	at net.sf.jasperreports.engine.JasperFillManager.fill(JasperFillManager.java:667)
	at net.sf.jasperreports.engine.JasperFillManager.fillReport(JasperFillManager.java:983)
	at com.nantic.jasperreports.JasperServer.privateExecute(JasperServer.java:221)
	at com.nantic.jasperreports.JasperServer.execute(JasperServer.java:130)
	at java.base/jdk.internal.reflect.NativeMethodAccessorImpl.invoke0(Native Method)
	at java.base/jdk.internal.reflect.NativeMethodAccessorImpl.invoke(NativeMethodAccessorImpl.java:62)
	at java.base/jdk.internal.reflect.DelegatingMethodAccessorImpl.invoke(DelegatingMethodAccessorImpl.java:43)
	at java.base/java.lang.reflect.Method.invoke(Method.java:566)
	at org.apache.xmlrpc.server.ReflectiveXmlRpcHandler.invoke(ReflectiveXmlRpcHandler.java:112)
	... 6 more
Caused by: java.text.ParseException: Unparseable date: ""
	at java.base/java.text.DateFormat.parse(DateFormat.java:395)
	at java.base/jdk.internal.reflect.NativeMethodAccessorImpl.invoke0(Native Method)
	at java.base/jdk.internal.reflect.NativeMethodAccessorImpl.invoke(NativeMethodAccessorImpl.java:62)
	at java.base/jdk.internal.reflect.DelegatingMethodAccessorImpl.invoke(DelegatingMethodAccessorImpl.java:43)
	at java.base/java.lang.reflect.Method.invoke(Method.java:566)
	at org.codehaus.groovy.runtime.callsite.PojoMetaMethodSite$PojoCachedMethodSite.invoke(PojoMetaMethodSite.java:189)
	at org.codehaus.groovy.runtime.callsite.PojoMetaMethodSite.call(PojoMetaMethodSite.java:53)
	at org.codehaus.groovy.runtime.callsite.CallSiteArray.defaultCall(CallSiteArray.java:45)
	at org.codehaus.groovy.runtime.callsite.AbstractCallSite.call(AbstractCallSite.java:108)
	at org.codehaus.groovy.runtime.callsite.AbstractCallSite.call(AbstractCallSite.java:116)
	at report32name_1577388060662_282598.evaluateEstimated(calculator_report32name_1577388060662_282598:1318)
	at net.sf.jasperreports.engine.fill.JREvaluator.evaluateEstimated(JREvaluator.java:381)
	... 27 more
Caused by:
net.sf.jasperreports.engine.fill.JRExpressionEvalException: Error evaluating expression for source text: new java.text.SimpleDateFormat("yyyy-MM-dd").parse($F{Fecha_de_inicio-date_start2})
	at net.sf.jasperreports.engine.fill.JREvaluator.handleEvaluationException(JREvaluator.java:287)
	at net.sf.jasperreports.compilers.GroovyEvaluator.handleEvaluationException(GroovyEvaluator.java:98)
	at net.sf.jasperreports.engine.fill.JREvaluator.evaluateEstimated(JREvaluator.java:395)
	at net.sf.jasperreports.engine.fill.JRCalculator.evaluateEstimated(JRCalculator.java:663)
	at net.sf.jasperreports.engine.fill.JRCalculator.estimateVariables(JRCalculator.java:249)
	at net.sf.jasperreports.engine.fill.JRFillDataset.next(JRFillDataset.java:1392)
	at net.sf.jasperreports.engine.fill.SortFillDatasetRun.advanceDataset(DatasetSortUtil.java:371)
	at net.sf.jasperreports.engine.fill.JRFillDatasetRun.iterate(JRFillDatasetRun.java:301)
	at net.sf.jasperreports.engine.fill.SortFillDatasetRun.sort(DatasetSortUtil.java:319)
	at net.sf.jasperreports.engine.fill.DatasetSortUtil.getSortedDataSource(DatasetSortUtil.java:112)
	at net.sf.jasperreports.engine.fill.JRFillDataset.initDatasource(JRFillDataset.java:730)
	at net.sf.jasperreports.engine.fill.BaseReportFiller.setParameters(BaseReportFiller.java:429)
	at net.sf.jasperreports.engine.fill.JRBaseFiller.fill(JRBaseFiller.java:572)
	at net.sf.jasperreports.engine.fill.BaseReportFiller.fill(BaseReportFiller.java:405)
	at net.sf.jasperreports.engine.fill.JRFiller.fill(JRFiller.java:140)
	at net.sf.jasperreports.engine.JasperFillManager.fill(JasperFillManager.java:667)
	at net.sf.jasperreports.engine.JasperFillManager.fillReport(JasperFillManager.java:983)
	at com.nantic.jasperreports.JasperServer.privateExecute(JasperServer.java:221)
	at com.nantic.jasperreports.JasperServer.execute(JasperServer.java:130)
	at java.base/jdk.internal.reflect.NativeMethodAccessorImpl.invoke0(Native Method)
	at java.base/jdk.internal.reflect.NativeMethodAccessorImpl.invoke(NativeMethodAccessorImpl.java:62)
	at java.base/jdk.internal.reflect.DelegatingMethodAccessorImpl.invoke(DelegatingMethodAccessorImpl.java:43)
	at java.base/java.lang.reflect.Method.invoke(Method.java:566)
	at org.apache.xmlrpc.server.ReflectiveXmlRpcHandler.invoke(ReflectiveXmlRpcHandler.java:112)
	at org.apache.xmlrpc.server.ReflectiveXmlRpcHandler.execute(ReflectiveXmlRpcHandler.java:103)
	at org.apache.xmlrpc.server.XmlRpcServerWorker.execute(XmlRpcServerWorker.java:43)
	at org.apache.xmlrpc.server.XmlRpcServer.execute(XmlRpcServer.java:83)
	at org.apache.xmlrpc.server.XmlRpcStreamServer.execute(XmlRpcStreamServer.java:191)
	at org.apache.xmlrpc.webserver.Connection.run(Connection.java:205)
	at org.apache.xmlrpc.util.ThreadPool$Poolable$1.run(ThreadPool.java:68)
Caused by: java.text.ParseException: Unparseable date: ""
	at java.base/java.text.DateFormat.parse(DateFormat.java:395)
	at java.base/jdk.internal.reflect.NativeMethodAccessorImpl.invoke0(Native Method)
	at java.base/jdk.internal.reflect.NativeMethodAccessorImpl.invoke(NativeMethodAccessorImpl.java:62)
	at java.base/jdk.internal.reflect.DelegatingMethodAccessorImpl.invoke(DelegatingMethodAccessorImpl.java:43)
	at java.base/java.lang.reflect.Method.invoke(Method.java:566)
	at org.codehaus.groovy.runtime.callsite.PojoMetaMethodSite$PojoCachedMethodSite.invoke(PojoMetaMethodSite.java:189)
	at org.codehaus.groovy.runtime.callsite.PojoMetaMethodSite.call(PojoMetaMethodSite.java:53)
	at org.codehaus.groovy.runtime.callsite.CallSiteArray.defaultCall(CallSiteArray.java:45)
	at org.codehaus.groovy.runtime.callsite.AbstractCallSite.call(AbstractCallSite.java:108)
	at org.codehaus.groovy.runtime.callsite.AbstractCallSite.call(AbstractCallSite.java:116)
	at report32name_1577388060662_282598.evaluateEstimated(calculator_report32name_1577388060662_282598:1318)
	at net.sf.jasperreports.engine.fill.JREvaluator.evaluateEstimated(JREvaluator.java:381)
	... 27 more
135420 [XML-RPC-0] ERROR org.apache.xmlrpc.server.XmlRpcStreamServer - execute: Error while performing request
org.apache.xmlrpc.common.XmlRpcInvocationException: Failed to invoke method execute in class com.nantic.jasperreports.JasperServer: Error evaluating expression for source text: new SimpleDateFormat("dd/MM/yyyy").format(new java.text.SimpleDateFormat("yyyy-MM-dd").parse($F{Fecha_de_inicio-date_start2}))
	at org.apache.xmlrpc.server.ReflectiveXmlRpcHandler.invoke(ReflectiveXmlRpcHandler.java:126)
	at org.apache.xmlrpc.server.ReflectiveXmlRpcHandler.execute(ReflectiveXmlRpcHandler.java:103)
	at org.apache.xmlrpc.server.XmlRpcServerWorker.execute(XmlRpcServerWorker.java:43)
	at org.apache.xmlrpc.server.XmlRpcServer.execute(XmlRpcServer.java:83)
	at org.apache.xmlrpc.server.XmlRpcStreamServer.execute(XmlRpcStreamServer.java:191)
	at org.apache.xmlrpc.webserver.Connection.run(Connection.java:205)
	at org.apache.xmlrpc.util.ThreadPool$Poolable$1.run(ThreadPool.java:68)
Caused by: net.sf.jasperreports.engine.fill.JRExpressionEvalException: Error evaluating expression for source text: new SimpleDateFormat("dd/MM/yyyy").format(new java.text.SimpleDateFormat("yyyy-MM-dd").parse($F{Fecha_de_inicio-date_start2}))
	at net.sf.jasperreports.engine.fill.JREvaluator.handleEvaluationException(JREvaluator.java:287)
	at net.sf.jasperreports.compilers.GroovyEvaluator.handleEvaluationException(GroovyEvaluator.java:98)
	at net.sf.jasperreports.engine.fill.JREvaluator.evaluateEstimated(JREvaluator.java:395)
	at net.sf.jasperreports.engine.fill.JRCalculator.evaluateEstimated(JRCalculator.java:663)
	at net.sf.jasperreports.engine.fill.JRCalculator.estimateVariables(JRCalculator.java:249)
	at net.sf.jasperreports.engine.fill.JRFillDataset.next(JRFillDataset.java:1392)
	at net.sf.jasperreports.engine.fill.SortFillDatasetRun.advanceDataset(DatasetSortUtil.java:371)
	at net.sf.jasperreports.engine.fill.JRFillDatasetRun.iterate(JRFillDatasetRun.java:301)
	at net.sf.jasperreports.engine.fill.SortFillDatasetRun.sort(DatasetSortUtil.java:319)
	at net.sf.jasperreports.engine.fill.DatasetSortUtil.getSortedDataSource(DatasetSortUtil.java:112)
	at net.sf.jasperreports.engine.fill.JRFillDataset.initDatasource(JRFillDataset.java:730)
	at net.sf.jasperreports.engine.fill.BaseReportFiller.setParameters(BaseReportFiller.java:429)
	at net.sf.jasperreports.engine.fill.JRBaseFiller.fill(JRBaseFiller.java:572)
	at net.sf.jasperreports.engine.fill.BaseReportFiller.fill(BaseReportFiller.java:405)
	at net.sf.jasperreports.engine.fill.JRFiller.fill(JRFiller.java:140)
	at net.sf.jasperreports.engine.JasperFillManager.fill(JasperFillManager.java:667)
	at net.sf.jasperreports.engine.JasperFillManager.fillReport(JasperFillManager.java:983)
	at com.nantic.jasperreports.JasperServer.privateExecute(JasperServer.java:221)
	at com.nantic.jasperreports.JasperServer.execute(JasperServer.java:130)
	at java.base/jdk.internal.reflect.NativeMethodAccessorImpl.invoke0(Native Method)
	at java.base/jdk.internal.reflect.NativeMethodAccessorImpl.invoke(NativeMethodAccessorImpl.java:62)
	at java.base/jdk.internal.reflect.DelegatingMethodAccessorImpl.invoke(DelegatingMethodAccessorImpl.java:43)
	at java.base/java.lang.reflect.Method.invoke(Method.java:566)
	at org.apache.xmlrpc.server.ReflectiveXmlRpcHandler.invoke(ReflectiveXmlRpcHandler.java:112)
	... 6 more
Caused by: java.text.ParseException: Unparseable date: ""
	at java.base/java.text.DateFormat.parse(DateFormat.java:395)
	at java.base/jdk.internal.reflect.NativeMethodAccessorImpl.invoke0(Native Method)
	at java.base/jdk.internal.reflect.NativeMethodAccessorImpl.invoke(NativeMethodAccessorImpl.java:62)
	at java.base/jdk.internal.reflect.DelegatingMethodAccessorImpl.invoke(DelegatingMethodAccessorImpl.java:43)
	at java.base/java.lang.reflect.Method.invoke(Method.java:566)
	at org.codehaus.groovy.runtime.callsite.PojoMetaMethodSite$PojoCachedMethodSite.invoke(PojoMetaMethodSite.java:189)
	at org.codehaus.groovy.runtime.callsite.PojoMetaMethodSite.call(PojoMetaMethodSite.java:53)
	at org.codehaus.groovy.runtime.callsite.CallSiteArray.defaultCall(CallSiteArray.java:45)
	at org.codehaus.groovy.runtime.callsite.AbstractCallSite.call(AbstractCallSite.java:108)
	at org.codehaus.groovy.runtime.callsite.AbstractCallSite.call(AbstractCallSite.java:116)
	at report32name_1577388668100_811227.evaluateEstimated(calculator_report32name_1577388668100_811227:1318)
	at net.sf.jasperreports.engine.fill.JREvaluator.evaluateEstimated(JREvaluator.java:381)
	... 27 more
Caused by:
net.sf.jasperreports.engine.fill.JRExpressionEvalException: Error evaluating expression for source text: new SimpleDateFormat("dd/MM/yyyy").format(new java.text.SimpleDateFormat("yyyy-MM-dd").parse($F{Fecha_de_inicio-date_start2}))
	at net.sf.jasperreports.engine.fill.JREvaluator.handleEvaluationException(JREvaluator.java:287)
	at net.sf.jasperreports.compilers.GroovyEvaluator.handleEvaluationException(GroovyEvaluator.java:98)
	at net.sf.jasperreports.engine.fill.JREvaluator.evaluateEstimated(JREvaluator.java:395)
	at net.sf.jasperreports.engine.fill.JRCalculator.evaluateEstimated(JRCalculator.java:663)
	at net.sf.jasperreports.engine.fill.JRCalculator.estimateVariables(JRCalculator.java:249)
	at net.sf.jasperreports.engine.fill.JRFillDataset.next(JRFillDataset.java:1392)
	at net.sf.jasperreports.engine.fill.SortFillDatasetRun.advanceDataset(DatasetSortUtil.java:371)
	at net.sf.jasperreports.engine.fill.JRFillDatasetRun.iterate(JRFillDatasetRun.java:301)
	at net.sf.jasperreports.engine.fill.SortFillDatasetRun.sort(DatasetSortUtil.java:319)
	at net.sf.jasperreports.engine.fill.DatasetSortUtil.getSortedDataSource(DatasetSortUtil.java:112)
	at net.sf.jasperreports.engine.fill.JRFillDataset.initDatasource(JRFillDataset.java:730)
	at net.sf.jasperreports.engine.fill.BaseReportFiller.setParameters(BaseReportFiller.java:429)
	at net.sf.jasperreports.engine.fill.JRBaseFiller.fill(JRBaseFiller.java:572)
	at net.sf.jasperreports.engine.fill.BaseReportFiller.fill(BaseReportFiller.java:405)
	at net.sf.jasperreports.engine.fill.JRFiller.fill(JRFiller.java:140)
	at net.sf.jasperreports.engine.JasperFillManager.fill(JasperFillManager.java:667)
	at net.sf.jasperreports.engine.JasperFillManager.fillReport(JasperFillManager.java:983)
	at com.nantic.jasperreports.JasperServer.privateExecute(JasperServer.java:221)
	at com.nantic.jasperreports.JasperServer.execute(JasperServer.java:130)
	at java.base/jdk.internal.reflect.NativeMethodAccessorImpl.invoke0(Native Method)
	at java.base/jdk.internal.reflect.NativeMethodAccessorImpl.invoke(NativeMethodAccessorImpl.java:62)
	at java.base/jdk.internal.reflect.DelegatingMethodAccessorImpl.invoke(DelegatingMethodAccessorImpl.java:43)
	at java.base/java.lang.reflect.Method.invoke(Method.java:566)
	at org.apache.xmlrpc.server.ReflectiveXmlRpcHandler.invoke(ReflectiveXmlRpcHandler.java:112)
	at org.apache.xmlrpc.server.ReflectiveXmlRpcHandler.execute(ReflectiveXmlRpcHandler.java:103)
	at org.apache.xmlrpc.server.XmlRpcServerWorker.execute(XmlRpcServerWorker.java:43)
	at org.apache.xmlrpc.server.XmlRpcServer.execute(XmlRpcServer.java:83)
	at org.apache.xmlrpc.server.XmlRpcStreamServer.execute(XmlRpcStreamServer.java:191)
	at org.apache.xmlrpc.webserver.Connection.run(Connection.java:205)
	at org.apache.xmlrpc.util.ThreadPool$Poolable$1.run(ThreadPool.java:68)
Caused by: java.text.ParseException: Unparseable date: ""
	at java.base/java.text.DateFormat.parse(DateFormat.java:395)
	at java.base/jdk.internal.reflect.NativeMethodAccessorImpl.invoke0(Native Method)
	at java.base/jdk.internal.reflect.NativeMethodAccessorImpl.invoke(NativeMethodAccessorImpl.java:62)
	at java.base/jdk.internal.reflect.DelegatingMethodAccessorImpl.invoke(DelegatingMethodAccessorImpl.java:43)
	at java.base/java.lang.reflect.Method.invoke(Method.java:566)
	at org.codehaus.groovy.runtime.callsite.PojoMetaMethodSite$PojoCachedMethodSite.invoke(PojoMetaMethodSite.java:189)
	at org.codehaus.groovy.runtime.callsite.PojoMetaMethodSite.call(PojoMetaMethodSite.java:53)
	at org.codehaus.groovy.runtime.callsite.CallSiteArray.defaultCall(CallSiteArray.java:45)
	at org.codehaus.groovy.runtime.callsite.AbstractCallSite.call(AbstractCallSite.java:108)
	at org.codehaus.groovy.runtime.callsite.AbstractCallSite.call(AbstractCallSite.java:116)
	at report32name_1577388668100_811227.evaluateEstimated(calculator_report32name_1577388668100_811227:1318)
	at net.sf.jasperreports.engine.fill.JREvaluator.evaluateEstimated(JREvaluator.java:381)
	... 27 more
1    [XML-RPC-0] ERROR org.apache.xmlrpc.server.XmlRpcStreamServer - execute: Error while performing request
org.apache.xmlrpc.common.XmlRpcInvocationException: Failed to invoke method execute in class com.nantic.jasperreports.JasperServer: Error evaluating expression for source text: new SimpleDateFormat("dd/MM/yyyy").format(new java.text.SimpleDateFormat("yyyy-MM-dd").parse($F{Fecha_de_inicio-date_start2}))
	at org.apache.xmlrpc.server.ReflectiveXmlRpcHandler.invoke(ReflectiveXmlRpcHandler.java:126)
	at org.apache.xmlrpc.server.ReflectiveXmlRpcHandler.execute(ReflectiveXmlRpcHandler.java:103)
	at org.apache.xmlrpc.server.XmlRpcServerWorker.execute(XmlRpcServerWorker.java:43)
	at org.apache.xmlrpc.server.XmlRpcServer.execute(XmlRpcServer.java:83)
	at org.apache.xmlrpc.server.XmlRpcStreamServer.execute(XmlRpcStreamServer.java:191)
	at org.apache.xmlrpc.webserver.Connection.run(Connection.java:205)
	at org.apache.xmlrpc.util.ThreadPool$Poolable$1.run(ThreadPool.java:68)
Caused by: net.sf.jasperreports.engine.fill.JRExpressionEvalException: Error evaluating expression for source text: new SimpleDateFormat("dd/MM/yyyy").format(new java.text.SimpleDateFormat("yyyy-MM-dd").parse($F{Fecha_de_inicio-date_start2}))
	at net.sf.jasperreports.engine.fill.JREvaluator.handleEvaluationException(JREvaluator.java:287)
	at net.sf.jasperreports.compilers.GroovyEvaluator.handleEvaluationException(GroovyEvaluator.java:98)
	at net.sf.jasperreports.engine.fill.JREvaluator.evaluateEstimated(JREvaluator.java:395)
	at net.sf.jasperreports.engine.fill.JRCalculator.evaluateEstimated(JRCalculator.java:663)
	at net.sf.jasperreports.engine.fill.JRCalculator.estimateVariables(JRCalculator.java:249)
	at net.sf.jasperreports.engine.fill.JRFillDataset.next(JRFillDataset.java:1392)
	at net.sf.jasperreports.engine.fill.SortFillDatasetRun.advanceDataset(DatasetSortUtil.java:371)
	at net.sf.jasperreports.engine.fill.JRFillDatasetRun.iterate(JRFillDatasetRun.java:301)
	at net.sf.jasperreports.engine.fill.SortFillDatasetRun.sort(DatasetSortUtil.java:319)
	at net.sf.jasperreports.engine.fill.DatasetSortUtil.getSortedDataSource(DatasetSortUtil.java:112)
	at net.sf.jasperreports.engine.fill.JRFillDataset.initDatasource(JRFillDataset.java:730)
	at net.sf.jasperreports.engine.fill.BaseReportFiller.setParameters(BaseReportFiller.java:429)
	at net.sf.jasperreports.engine.fill.JRBaseFiller.fill(JRBaseFiller.java:572)
	at net.sf.jasperreports.engine.fill.BaseReportFiller.fill(BaseReportFiller.java:405)
	at net.sf.jasperreports.engine.fill.JRFiller.fill(JRFiller.java:140)
	at net.sf.jasperreports.engine.JasperFillManager.fill(JasperFillManager.java:667)
	at net.sf.jasperreports.engine.JasperFillManager.fillReport(JasperFillManager.java:983)
	at com.nantic.jasperreports.JasperServer.privateExecute(JasperServer.java:221)
	at com.nantic.jasperreports.JasperServer.execute(JasperServer.java:130)
	at java.base/jdk.internal.reflect.NativeMethodAccessorImpl.invoke0(Native Method)
	at java.base/jdk.internal.reflect.NativeMethodAccessorImpl.invoke(NativeMethodAccessorImpl.java:62)
	at java.base/jdk.internal.reflect.DelegatingMethodAccessorImpl.invoke(DelegatingMethodAccessorImpl.java:43)
	at java.base/java.lang.reflect.Method.invoke(Method.java:566)
	at org.apache.xmlrpc.server.ReflectiveXmlRpcHandler.invoke(ReflectiveXmlRpcHandler.java:112)
	... 6 more
Caused by: java.text.ParseException: Unparseable date: ""
	at java.base/java.text.DateFormat.parse(DateFormat.java:395)
	at java.base/jdk.internal.reflect.NativeMethodAccessorImpl.invoke0(Native Method)
	at java.base/jdk.internal.reflect.NativeMethodAccessorImpl.invoke(NativeMethodAccessorImpl.java:62)
	at java.base/jdk.internal.reflect.DelegatingMethodAccessorImpl.invoke(DelegatingMethodAccessorImpl.java:43)
	at java.base/java.lang.reflect.Method.invoke(Method.java:566)
	at org.codehaus.groovy.runtime.callsite.PojoMetaMethodSite$PojoCachedMethodSite.invoke(PojoMetaMethodSite.java:189)
	at org.codehaus.groovy.runtime.callsite.PojoMetaMethodSite.call(PojoMetaMethodSite.java:53)
	at org.codehaus.groovy.runtime.callsite.CallSiteArray.defaultCall(CallSiteArray.java:45)
	at org.codehaus.groovy.runtime.callsite.AbstractCallSite.call(AbstractCallSite.java:108)
	at org.codehaus.groovy.runtime.callsite.AbstractCallSite.call(AbstractCallSite.java:116)
	at report32name_1577388668100_811227.evaluateEstimated(calculator_report32name_1577388668100_811227:1318)
	at net.sf.jasperreports.engine.fill.JREvaluator.evaluateEstimated(JREvaluator.java:381)
	... 27 more
Caused by:
net.sf.jasperreports.engine.fill.JRExpressionEvalException: Error evaluating expression for source text: new SimpleDateFormat("dd/MM/yyyy").format(new java.text.SimpleDateFormat("yyyy-MM-dd").parse($F{Fecha_de_inicio-date_start2}))
	at net.sf.jasperreports.engine.fill.JREvaluator.handleEvaluationException(JREvaluator.java:287)
	at net.sf.jasperreports.compilers.GroovyEvaluator.handleEvaluationException(GroovyEvaluator.java:98)
	at net.sf.jasperreports.engine.fill.JREvaluator.evaluateEstimated(JREvaluator.java:395)
	at net.sf.jasperreports.engine.fill.JRCalculator.evaluateEstimated(JRCalculator.java:663)
	at net.sf.jasperreports.engine.fill.JRCalculator.estimateVariables(JRCalculator.java:249)
	at net.sf.jasperreports.engine.fill.JRFillDataset.next(JRFillDataset.java:1392)
	at net.sf.jasperreports.engine.fill.SortFillDatasetRun.advanceDataset(DatasetSortUtil.java:371)
	at net.sf.jasperreports.engine.fill.JRFillDatasetRun.iterate(JRFillDatasetRun.java:301)
	at net.sf.jasperreports.engine.fill.SortFillDatasetRun.sort(DatasetSortUtil.java:319)
	at net.sf.jasperreports.engine.fill.DatasetSortUtil.getSortedDataSource(DatasetSortUtil.java:112)
	at net.sf.jasperreports.engine.fill.JRFillDataset.initDatasource(JRFillDataset.java:730)
	at net.sf.jasperreports.engine.fill.BaseReportFiller.setParameters(BaseReportFiller.java:429)
	at net.sf.jasperreports.engine.fill.JRBaseFiller.fill(JRBaseFiller.java:572)
	at net.sf.jasperreports.engine.fill.BaseReportFiller.fill(BaseReportFiller.java:405)
	at net.sf.jasperreports.engine.fill.JRFiller.fill(JRFiller.java:140)
	at net.sf.jasperreports.engine.JasperFillManager.fill(JasperFillManager.java:667)
	at net.sf.jasperreports.engine.JasperFillManager.fillReport(JasperFillManager.java:983)
	at com.nantic.jasperreports.JasperServer.privateExecute(JasperServer.java:221)
	at com.nantic.jasperreports.JasperServer.execute(JasperServer.java:130)
	at java.base/jdk.internal.reflect.NativeMethodAccessorImpl.invoke0(Native Method)
	at java.base/jdk.internal.reflect.NativeMethodAccessorImpl.invoke(NativeMethodAccessorImpl.java:62)
	at java.base/jdk.internal.reflect.DelegatingMethodAccessorImpl.invoke(DelegatingMethodAccessorImpl.java:43)
	at java.base/java.lang.reflect.Method.invoke(Method.java:566)
	at org.apache.xmlrpc.server.ReflectiveXmlRpcHandler.invoke(ReflectiveXmlRpcHandler.java:112)
	at org.apache.xmlrpc.server.ReflectiveXmlRpcHandler.execute(ReflectiveXmlRpcHandler.java:103)
	at org.apache.xmlrpc.server.XmlRpcServerWorker.execute(XmlRpcServerWorker.java:43)
	at org.apache.xmlrpc.server.XmlRpcServer.execute(XmlRpcServer.java:83)
	at org.apache.xmlrpc.server.XmlRpcStreamServer.execute(XmlRpcStreamServer.java:191)
	at org.apache.xmlrpc.webserver.Connection.run(Connection.java:205)
	at org.apache.xmlrpc.util.ThreadPool$Poolable$1.run(ThreadPool.java:68)
Caused by: java.text.ParseException: Unparseable date: ""
	at java.base/java.text.DateFormat.parse(DateFormat.java:395)
	at java.base/jdk.internal.reflect.NativeMethodAccessorImpl.invoke0(Native Method)
	at java.base/jdk.internal.reflect.NativeMethodAccessorImpl.invoke(NativeMethodAccessorImpl.java:62)
	at java.base/jdk.internal.reflect.DelegatingMethodAccessorImpl.invoke(DelegatingMethodAccessorImpl.java:43)
	at java.base/java.lang.reflect.Method.invoke(Method.java:566)
	at org.codehaus.groovy.runtime.callsite.PojoMetaMethodSite$PojoCachedMethodSite.invoke(PojoMetaMethodSite.java:189)
	at org.codehaus.groovy.runtime.callsite.PojoMetaMethodSite.call(PojoMetaMethodSite.java:53)
	at org.codehaus.groovy.runtime.callsite.CallSiteArray.defaultCall(CallSiteArray.java:45)
	at org.codehaus.groovy.runtime.callsite.AbstractCallSite.call(AbstractCallSite.java:108)
	at org.codehaus.groovy.runtime.callsite.AbstractCallSite.call(AbstractCallSite.java:116)
	at report32name_1577388668100_811227.evaluateEstimated(calculator_report32name_1577388668100_811227:1318)
	at net.sf.jasperreports.engine.fill.JREvaluator.evaluateEstimated(JREvaluator.java:381)
	... 27 more
101606 [XML-RPC-0] ERROR org.apache.xmlrpc.server.XmlRpcStreamServer - execute: Error while performing request
org.apache.xmlrpc.common.XmlRpcInvocationException: Failed to invoke method execute in class com.nantic.jasperreports.JasperServer: Error evaluating expression for source text: new SimpleDateFormat("dd/MM/yyyy").format(new java.text.SimpleDateFormat("yyyy-MM-dd HH:mm:ss").parse($F{Fecha_de_inicio-date_start2}))
	at org.apache.xmlrpc.server.ReflectiveXmlRpcHandler.invoke(ReflectiveXmlRpcHandler.java:126)
	at org.apache.xmlrpc.server.ReflectiveXmlRpcHandler.execute(ReflectiveXmlRpcHandler.java:103)
	at org.apache.xmlrpc.server.XmlRpcServerWorker.execute(XmlRpcServerWorker.java:43)
	at org.apache.xmlrpc.server.XmlRpcServer.execute(XmlRpcServer.java:83)
	at org.apache.xmlrpc.server.XmlRpcStreamServer.execute(XmlRpcStreamServer.java:191)
	at org.apache.xmlrpc.webserver.Connection.run(Connection.java:205)
	at org.apache.xmlrpc.util.ThreadPool$Poolable$1.run(ThreadPool.java:68)
Caused by: net.sf.jasperreports.engine.fill.JRExpressionEvalException: Error evaluating expression for source text: new SimpleDateFormat("dd/MM/yyyy").format(new java.text.SimpleDateFormat("yyyy-MM-dd HH:mm:ss").parse($F{Fecha_de_inicio-date_start2}))
	at net.sf.jasperreports.engine.fill.JREvaluator.handleEvaluationException(JREvaluator.java:287)
	at net.sf.jasperreports.compilers.GroovyEvaluator.handleEvaluationException(GroovyEvaluator.java:98)
	at net.sf.jasperreports.engine.fill.JREvaluator.evaluateEstimated(JREvaluator.java:395)
	at net.sf.jasperreports.engine.fill.JRCalculator.evaluateEstimated(JRCalculator.java:663)
	at net.sf.jasperreports.engine.fill.JRCalculator.estimateVariables(JRCalculator.java:249)
	at net.sf.jasperreports.engine.fill.JRFillDataset.next(JRFillDataset.java:1392)
	at net.sf.jasperreports.engine.fill.SortFillDatasetRun.advanceDataset(DatasetSortUtil.java:371)
	at net.sf.jasperreports.engine.fill.JRFillDatasetRun.iterate(JRFillDatasetRun.java:301)
	at net.sf.jasperreports.engine.fill.SortFillDatasetRun.sort(DatasetSortUtil.java:319)
	at net.sf.jasperreports.engine.fill.DatasetSortUtil.getSortedDataSource(DatasetSortUtil.java:112)
	at net.sf.jasperreports.engine.fill.JRFillDataset.initDatasource(JRFillDataset.java:730)
	at net.sf.jasperreports.engine.fill.BaseReportFiller.setParameters(BaseReportFiller.java:429)
	at net.sf.jasperreports.engine.fill.JRBaseFiller.fill(JRBaseFiller.java:572)
	at net.sf.jasperreports.engine.fill.BaseReportFiller.fill(BaseReportFiller.java:405)
	at net.sf.jasperreports.engine.fill.JRFiller.fill(JRFiller.java:140)
	at net.sf.jasperreports.engine.JasperFillManager.fill(JasperFillManager.java:667)
	at net.sf.jasperreports.engine.JasperFillManager.fillReport(JasperFillManager.java:983)
	at com.nantic.jasperreports.JasperServer.privateExecute(JasperServer.java:221)
	at com.nantic.jasperreports.JasperServer.execute(JasperServer.java:130)
	at java.base/jdk.internal.reflect.NativeMethodAccessorImpl.invoke0(Native Method)
	at java.base/jdk.internal.reflect.NativeMethodAccessorImpl.invoke(NativeMethodAccessorImpl.java:62)
	at java.base/jdk.internal.reflect.DelegatingMethodAccessorImpl.invoke(DelegatingMethodAccessorImpl.java:43)
	at java.base/java.lang.reflect.Method.invoke(Method.java:566)
	at org.apache.xmlrpc.server.ReflectiveXmlRpcHandler.invoke(ReflectiveXmlRpcHandler.java:112)
	... 6 more
Caused by: java.text.ParseException: Unparseable date: ""
	at java.base/java.text.DateFormat.parse(DateFormat.java:395)
	at java.base/jdk.internal.reflect.NativeMethodAccessorImpl.invoke0(Native Method)
	at java.base/jdk.internal.reflect.NativeMethodAccessorImpl.invoke(NativeMethodAccessorImpl.java:62)
	at java.base/jdk.internal.reflect.DelegatingMethodAccessorImpl.invoke(DelegatingMethodAccessorImpl.java:43)
	at java.base/java.lang.reflect.Method.invoke(Method.java:566)
	at org.codehaus.groovy.runtime.callsite.PojoMetaMethodSite$PojoCachedMethodSite.invoke(PojoMetaMethodSite.java:189)
	at org.codehaus.groovy.runtime.callsite.PojoMetaMethodSite.call(PojoMetaMethodSite.java:53)
	at org.codehaus.groovy.runtime.callsite.CallSiteArray.defaultCall(CallSiteArray.java:45)
	at org.codehaus.groovy.runtime.callsite.AbstractCallSite.call(AbstractCallSite.java:108)
	at org.codehaus.groovy.runtime.callsite.AbstractCallSite.call(AbstractCallSite.java:116)
	at report32name_1577389300081_788683.evaluateEstimated(calculator_report32name_1577389300081_788683:1318)
	at net.sf.jasperreports.engine.fill.JREvaluator.evaluateEstimated(JREvaluator.java:381)
	... 27 more
Caused by:
net.sf.jasperreports.engine.fill.JRExpressionEvalException: Error evaluating expression for source text: new SimpleDateFormat("dd/MM/yyyy").format(new java.text.SimpleDateFormat("yyyy-MM-dd HH:mm:ss").parse($F{Fecha_de_inicio-date_start2}))
	at net.sf.jasperreports.engine.fill.JREvaluator.handleEvaluationException(JREvaluator.java:287)
	at net.sf.jasperreports.compilers.GroovyEvaluator.handleEvaluationException(GroovyEvaluator.java:98)
	at net.sf.jasperreports.engine.fill.JREvaluator.evaluateEstimated(JREvaluator.java:395)
	at net.sf.jasperreports.engine.fill.JRCalculator.evaluateEstimated(JRCalculator.java:663)
	at net.sf.jasperreports.engine.fill.JRCalculator.estimateVariables(JRCalculator.java:249)
	at net.sf.jasperreports.engine.fill.JRFillDataset.next(JRFillDataset.java:1392)
	at net.sf.jasperreports.engine.fill.SortFillDatasetRun.advanceDataset(DatasetSortUtil.java:371)
	at net.sf.jasperreports.engine.fill.JRFillDatasetRun.iterate(JRFillDatasetRun.java:301)
	at net.sf.jasperreports.engine.fill.SortFillDatasetRun.sort(DatasetSortUtil.java:319)
	at net.sf.jasperreports.engine.fill.DatasetSortUtil.getSortedDataSource(DatasetSortUtil.java:112)
	at net.sf.jasperreports.engine.fill.JRFillDataset.initDatasource(JRFillDataset.java:730)
	at net.sf.jasperreports.engine.fill.BaseReportFiller.setParameters(BaseReportFiller.java:429)
	at net.sf.jasperreports.engine.fill.JRBaseFiller.fill(JRBaseFiller.java:572)
	at net.sf.jasperreports.engine.fill.BaseReportFiller.fill(BaseReportFiller.java:405)
	at net.sf.jasperreports.engine.fill.JRFiller.fill(JRFiller.java:140)
	at net.sf.jasperreports.engine.JasperFillManager.fill(JasperFillManager.java:667)
	at net.sf.jasperreports.engine.JasperFillManager.fillReport(JasperFillManager.java:983)
	at com.nantic.jasperreports.JasperServer.privateExecute(JasperServer.java:221)
	at com.nantic.jasperreports.JasperServer.execute(JasperServer.java:130)
	at java.base/jdk.internal.reflect.NativeMethodAccessorImpl.invoke0(Native Method)
	at java.base/jdk.internal.reflect.NativeMethodAccessorImpl.invoke(NativeMethodAccessorImpl.java:62)
	at java.base/jdk.internal.reflect.DelegatingMethodAccessorImpl.invoke(DelegatingMethodAccessorImpl.java:43)
	at java.base/java.lang.reflect.Method.invoke(Method.java:566)
	at org.apache.xmlrpc.server.ReflectiveXmlRpcHandler.invoke(ReflectiveXmlRpcHandler.java:112)
	at org.apache.xmlrpc.server.ReflectiveXmlRpcHandler.execute(ReflectiveXmlRpcHandler.java:103)
	at org.apache.xmlrpc.server.XmlRpcServerWorker.execute(XmlRpcServerWorker.java:43)
	at org.apache.xmlrpc.server.XmlRpcServer.execute(XmlRpcServer.java:83)
	at org.apache.xmlrpc.server.XmlRpcStreamServer.execute(XmlRpcStreamServer.java:191)
	at org.apache.xmlrpc.webserver.Connection.run(Connection.java:205)
	at org.apache.xmlrpc.util.ThreadPool$Poolable$1.run(ThreadPool.java:68)
Caused by: java.text.ParseException: Unparseable date: ""
	at java.base/java.text.DateFormat.parse(DateFormat.java:395)
	at java.base/jdk.internal.reflect.NativeMethodAccessorImpl.invoke0(Native Method)
	at java.base/jdk.internal.reflect.NativeMethodAccessorImpl.invoke(NativeMethodAccessorImpl.java:62)
	at java.base/jdk.internal.reflect.DelegatingMethodAccessorImpl.invoke(DelegatingMethodAccessorImpl.java:43)
	at java.base/java.lang.reflect.Method.invoke(Method.java:566)
	at org.codehaus.groovy.runtime.callsite.PojoMetaMethodSite$PojoCachedMethodSite.invoke(PojoMetaMethodSite.java:189)
	at org.codehaus.groovy.runtime.callsite.PojoMetaMethodSite.call(PojoMetaMethodSite.java:53)
	at org.codehaus.groovy.runtime.callsite.CallSiteArray.defaultCall(CallSiteArray.java:45)
	at org.codehaus.groovy.runtime.callsite.AbstractCallSite.call(AbstractCallSite.java:108)
	at org.codehaus.groovy.runtime.callsite.AbstractCallSite.call(AbstractCallSite.java:116)
	at report32name_1577389300081_788683.evaluateEstimated(calculator_report32name_1577389300081_788683:1318)
	at net.sf.jasperreports.engine.fill.JREvaluator.evaluateEstimated(JREvaluator.java:381)
	... 27 more
656426 [XML-RPC-0] ERROR org.apache.xmlrpc.server.XmlRpcStreamServer - execute: Error while performing request
org.apache.xmlrpc.common.XmlRpcInvocationException: Failed to invoke method execute in class com.nantic.jasperreports.JasperServer: Error evaluating expression for source text: new SimpleDateFormat("dd/MM/yyyy").format(new java.text.SimpleDateFormat("yyyy-MM-dd HH:mm:ss").parse($F{Fecha_de_inicio-date_start2}))
	at org.apache.xmlrpc.server.ReflectiveXmlRpcHandler.invoke(ReflectiveXmlRpcHandler.java:126)
	at org.apache.xmlrpc.server.ReflectiveXmlRpcHandler.execute(ReflectiveXmlRpcHandler.java:103)
	at org.apache.xmlrpc.server.XmlRpcServerWorker.execute(XmlRpcServerWorker.java:43)
	at org.apache.xmlrpc.server.XmlRpcServer.execute(XmlRpcServer.java:83)
	at org.apache.xmlrpc.server.XmlRpcStreamServer.execute(XmlRpcStreamServer.java:191)
	at org.apache.xmlrpc.webserver.Connection.run(Connection.java:205)
	at org.apache.xmlrpc.util.ThreadPool$Poolable$1.run(ThreadPool.java:68)
Caused by: net.sf.jasperreports.engine.fill.JRExpressionEvalException: Error evaluating expression for source text: new SimpleDateFormat("dd/MM/yyyy").format(new java.text.SimpleDateFormat("yyyy-MM-dd HH:mm:ss").parse($F{Fecha_de_inicio-date_start2}))
	at net.sf.jasperreports.engine.fill.JREvaluator.handleEvaluationException(JREvaluator.java:287)
	at net.sf.jasperreports.compilers.GroovyEvaluator.handleEvaluationException(GroovyEvaluator.java:98)
	at net.sf.jasperreports.engine.fill.JREvaluator.evaluateEstimated(JREvaluator.java:395)
	at net.sf.jasperreports.engine.fill.JRCalculator.evaluateEstimated(JRCalculator.java:663)
	at net.sf.jasperreports.engine.fill.JRCalculator.estimateVariables(JRCalculator.java:249)
	at net.sf.jasperreports.engine.fill.JRFillDataset.next(JRFillDataset.java:1392)
	at net.sf.jasperreports.engine.fill.SortFillDatasetRun.advanceDataset(DatasetSortUtil.java:371)
	at net.sf.jasperreports.engine.fill.JRFillDatasetRun.iterate(JRFillDatasetRun.java:301)
	at net.sf.jasperreports.engine.fill.SortFillDatasetRun.sort(DatasetSortUtil.java:319)
	at net.sf.jasperreports.engine.fill.DatasetSortUtil.getSortedDataSource(DatasetSortUtil.java:112)
	at net.sf.jasperreports.engine.fill.JRFillDataset.initDatasource(JRFillDataset.java:730)
	at net.sf.jasperreports.engine.fill.BaseReportFiller.setParameters(BaseReportFiller.java:429)
	at net.sf.jasperreports.engine.fill.JRBaseFiller.fill(JRBaseFiller.java:572)
	at net.sf.jasperreports.engine.fill.BaseReportFiller.fill(BaseReportFiller.java:405)
	at net.sf.jasperreports.engine.fill.JRFiller.fill(JRFiller.java:140)
	at net.sf.jasperreports.engine.JasperFillManager.fill(JasperFillManager.java:667)
	at net.sf.jasperreports.engine.JasperFillManager.fillReport(JasperFillManager.java:983)
	at com.nantic.jasperreports.JasperServer.privateExecute(JasperServer.java:221)
	at com.nantic.jasperreports.JasperServer.execute(JasperServer.java:130)
	at java.base/jdk.internal.reflect.NativeMethodAccessorImpl.invoke0(Native Method)
	at java.base/jdk.internal.reflect.NativeMethodAccessorImpl.invoke(NativeMethodAccessorImpl.java:62)
	at java.base/jdk.internal.reflect.DelegatingMethodAccessorImpl.invoke(DelegatingMethodAccessorImpl.java:43)
	at java.base/java.lang.reflect.Method.invoke(Method.java:566)
	at org.apache.xmlrpc.server.ReflectiveXmlRpcHandler.invoke(ReflectiveXmlRpcHandler.java:112)
	... 6 more
Caused by: java.text.ParseException: Unparseable date: ""
	at java.base/java.text.DateFormat.parse(DateFormat.java:395)
	at java.base/jdk.internal.reflect.NativeMethodAccessorImpl.invoke0(Native Method)
	at java.base/jdk.internal.reflect.NativeMethodAccessorImpl.invoke(NativeMethodAccessorImpl.java:62)
	at java.base/jdk.internal.reflect.DelegatingMethodAccessorImpl.invoke(DelegatingMethodAccessorImpl.java:43)
	at java.base/java.lang.reflect.Method.invoke(Method.java:566)
	at org.codehaus.groovy.runtime.callsite.PojoMetaMethodSite$PojoCachedMethodSite.invoke(PojoMetaMethodSite.java:189)
	at org.codehaus.groovy.runtime.callsite.PojoMetaMethodSite.call(PojoMetaMethodSite.java:53)
	at org.codehaus.groovy.runtime.callsite.AbstractCallSite.call(AbstractCallSite.java:116)
	at report32name_1577389300081_788683.evaluateEstimated(calculator_report32name_1577389300081_788683:1318)
	at net.sf.jasperreports.engine.fill.JREvaluator.evaluateEstimated(JREvaluator.java:381)
	... 27 more
Caused by:
net.sf.jasperreports.engine.fill.JRExpressionEvalException: Error evaluating expression for source text: new SimpleDateFormat("dd/MM/yyyy").format(new java.text.SimpleDateFormat("yyyy-MM-dd HH:mm:ss").parse($F{Fecha_de_inicio-date_start2}))
	at net.sf.jasperreports.engine.fill.JREvaluator.handleEvaluationException(JREvaluator.java:287)
	at net.sf.jasperreports.compilers.GroovyEvaluator.handleEvaluationException(GroovyEvaluator.java:98)
	at net.sf.jasperreports.engine.fill.JREvaluator.evaluateEstimated(JREvaluator.java:395)
	at net.sf.jasperreports.engine.fill.JRCalculator.evaluateEstimated(JRCalculator.java:663)
	at net.sf.jasperreports.engine.fill.JRCalculator.estimateVariables(JRCalculator.java:249)
	at net.sf.jasperreports.engine.fill.JRFillDataset.next(JRFillDataset.java:1392)
	at net.sf.jasperreports.engine.fill.SortFillDatasetRun.advanceDataset(DatasetSortUtil.java:371)
	at net.sf.jasperreports.engine.fill.JRFillDatasetRun.iterate(JRFillDatasetRun.java:301)
	at net.sf.jasperreports.engine.fill.SortFillDatasetRun.sort(DatasetSortUtil.java:319)
	at net.sf.jasperreports.engine.fill.DatasetSortUtil.getSortedDataSource(DatasetSortUtil.java:112)
	at net.sf.jasperreports.engine.fill.JRFillDataset.initDatasource(JRFillDataset.java:730)
	at net.sf.jasperreports.engine.fill.BaseReportFiller.setParameters(BaseReportFiller.java:429)
	at net.sf.jasperreports.engine.fill.JRBaseFiller.fill(JRBaseFiller.java:572)
	at net.sf.jasperreports.engine.fill.BaseReportFiller.fill(BaseReportFiller.java:405)
	at net.sf.jasperreports.engine.fill.JRFiller.fill(JRFiller.java:140)
	at net.sf.jasperreports.engine.JasperFillManager.fill(JasperFillManager.java:667)
	at net.sf.jasperreports.engine.JasperFillManager.fillReport(JasperFillManager.java:983)
	at com.nantic.jasperreports.JasperServer.privateExecute(JasperServer.java:221)
	at com.nantic.jasperreports.JasperServer.execute(JasperServer.java:130)
	at java.base/jdk.internal.reflect.NativeMethodAccessorImpl.invoke0(Native Method)
	at java.base/jdk.internal.reflect.NativeMethodAccessorImpl.invoke(NativeMethodAccessorImpl.java:62)
	at java.base/jdk.internal.reflect.DelegatingMethodAccessorImpl.invoke(DelegatingMethodAccessorImpl.java:43)
	at java.base/java.lang.reflect.Method.invoke(Method.java:566)
	at org.apache.xmlrpc.server.ReflectiveXmlRpcHandler.invoke(ReflectiveXmlRpcHandler.java:112)
	at org.apache.xmlrpc.server.ReflectiveXmlRpcHandler.execute(ReflectiveXmlRpcHandler.java:103)
	at org.apache.xmlrpc.server.XmlRpcServerWorker.execute(XmlRpcServerWorker.java:43)
	at org.apache.xmlrpc.server.XmlRpcServer.execute(XmlRpcServer.java:83)
	at org.apache.xmlrpc.server.XmlRpcStreamServer.execute(XmlRpcStreamServer.java:191)
	at org.apache.xmlrpc.webserver.Connection.run(Connection.java:205)
	at org.apache.xmlrpc.util.ThreadPool$Poolable$1.run(ThreadPool.java:68)
Caused by: java.text.ParseException: Unparseable date: ""
	at java.base/java.text.DateFormat.parse(DateFormat.java:395)
	at java.base/jdk.internal.reflect.NativeMethodAccessorImpl.invoke0(Native Method)
	at java.base/jdk.internal.reflect.NativeMethodAccessorImpl.invoke(NativeMethodAccessorImpl.java:62)
	at java.base/jdk.internal.reflect.DelegatingMethodAccessorImpl.invoke(DelegatingMethodAccessorImpl.java:43)
	at java.base/java.lang.reflect.Method.invoke(Method.java:566)
	at org.codehaus.groovy.runtime.callsite.PojoMetaMethodSite$PojoCachedMethodSite.invoke(PojoMetaMethodSite.java:189)
	at org.codehaus.groovy.runtime.callsite.PojoMetaMethodSite.call(PojoMetaMethodSite.java:53)
	at org.codehaus.groovy.runtime.callsite.AbstractCallSite.call(AbstractCallSite.java:116)
	at report32name_1577389300081_788683.evaluateEstimated(calculator_report32name_1577389300081_788683:1318)
	at net.sf.jasperreports.engine.fill.JREvaluator.evaluateEstimated(JREvaluator.java:381)
	... 27 more
2    [XML-RPC-0] ERROR org.apache.xmlrpc.server.XmlRpcStreamServer - execute: Error while performing request
org.apache.xmlrpc.common.XmlRpcInvocationException: Failed to invoke method execute in class com.nantic.jasperreports.JasperServer: Error evaluating expression for source text: new SimpleDateFormat("dd/MM/yyyy").format(new java.text.SimpleDateFormat("yyyy-MM-dd HH:mm:ss").parse($F{Fecha_de_inicio-date_start2}))
	at org.apache.xmlrpc.server.ReflectiveXmlRpcHandler.invoke(ReflectiveXmlRpcHandler.java:126)
	at org.apache.xmlrpc.server.ReflectiveXmlRpcHandler.execute(ReflectiveXmlRpcHandler.java:103)
	at org.apache.xmlrpc.server.XmlRpcServerWorker.execute(XmlRpcServerWorker.java:43)
	at org.apache.xmlrpc.server.XmlRpcServer.execute(XmlRpcServer.java:83)
	at org.apache.xmlrpc.server.XmlRpcStreamServer.execute(XmlRpcStreamServer.java:191)
	at org.apache.xmlrpc.webserver.Connection.run(Connection.java:205)
	at org.apache.xmlrpc.util.ThreadPool$Poolable$1.run(ThreadPool.java:68)
Caused by: net.sf.jasperreports.engine.fill.JRExpressionEvalException: Error evaluating expression for source text: new SimpleDateFormat("dd/MM/yyyy").format(new java.text.SimpleDateFormat("yyyy-MM-dd HH:mm:ss").parse($F{Fecha_de_inicio-date_start2}))
	at net.sf.jasperreports.engine.fill.JREvaluator.handleEvaluationException(JREvaluator.java:287)
	at net.sf.jasperreports.compilers.GroovyEvaluator.handleEvaluationException(GroovyEvaluator.java:98)
	at net.sf.jasperreports.engine.fill.JREvaluator.evaluateEstimated(JREvaluator.java:395)
	at net.sf.jasperreports.engine.fill.JRCalculator.evaluateEstimated(JRCalculator.java:663)
	at net.sf.jasperreports.engine.fill.JRCalculator.estimateVariables(JRCalculator.java:249)
	at net.sf.jasperreports.engine.fill.JRFillDataset.next(JRFillDataset.java:1392)
	at net.sf.jasperreports.engine.fill.SortFillDatasetRun.advanceDataset(DatasetSortUtil.java:371)
	at net.sf.jasperreports.engine.fill.JRFillDatasetRun.iterate(JRFillDatasetRun.java:301)
	at net.sf.jasperreports.engine.fill.SortFillDatasetRun.sort(DatasetSortUtil.java:319)
	at net.sf.jasperreports.engine.fill.DatasetSortUtil.getSortedDataSource(DatasetSortUtil.java:112)
	at net.sf.jasperreports.engine.fill.JRFillDataset.initDatasource(JRFillDataset.java:730)
	at net.sf.jasperreports.engine.fill.BaseReportFiller.setParameters(BaseReportFiller.java:429)
	at net.sf.jasperreports.engine.fill.JRBaseFiller.fill(JRBaseFiller.java:572)
	at net.sf.jasperreports.engine.fill.BaseReportFiller.fill(BaseReportFiller.java:405)
	at net.sf.jasperreports.engine.fill.JRFiller.fill(JRFiller.java:140)
	at net.sf.jasperreports.engine.JasperFillManager.fill(JasperFillManager.java:667)
	at net.sf.jasperreports.engine.JasperFillManager.fillReport(JasperFillManager.java:983)
	at com.nantic.jasperreports.JasperServer.privateExecute(JasperServer.java:221)
	at com.nantic.jasperreports.JasperServer.execute(JasperServer.java:130)
	at java.base/jdk.internal.reflect.NativeMethodAccessorImpl.invoke0(Native Method)
	at java.base/jdk.internal.reflect.NativeMethodAccessorImpl.invoke(NativeMethodAccessorImpl.java:62)
	at java.base/jdk.internal.reflect.DelegatingMethodAccessorImpl.invoke(DelegatingMethodAccessorImpl.java:43)
	at java.base/java.lang.reflect.Method.invoke(Method.java:566)
	at org.apache.xmlrpc.server.ReflectiveXmlRpcHandler.invoke(ReflectiveXmlRpcHandler.java:112)
	... 6 more
Caused by: java.text.ParseException: Unparseable date: ""
	at java.base/java.text.DateFormat.parse(DateFormat.java:395)
	at java.base/jdk.internal.reflect.NativeMethodAccessorImpl.invoke0(Native Method)
	at java.base/jdk.internal.reflect.NativeMethodAccessorImpl.invoke(NativeMethodAccessorImpl.java:62)
	at java.base/jdk.internal.reflect.DelegatingMethodAccessorImpl.invoke(DelegatingMethodAccessorImpl.java:43)
	at java.base/java.lang.reflect.Method.invoke(Method.java:566)
	at org.codehaus.groovy.runtime.callsite.PojoMetaMethodSite$PojoCachedMethodSite.invoke(PojoMetaMethodSite.java:189)
	at org.codehaus.groovy.runtime.callsite.PojoMetaMethodSite.call(PojoMetaMethodSite.java:53)
	at org.codehaus.groovy.runtime.callsite.CallSiteArray.defaultCall(CallSiteArray.java:45)
	at org.codehaus.groovy.runtime.callsite.AbstractCallSite.call(AbstractCallSite.java:108)
	at org.codehaus.groovy.runtime.callsite.AbstractCallSite.call(AbstractCallSite.java:116)
	at report32name_1577389300081_788683.evaluateEstimated(calculator_report32name_1577389300081_788683:1318)
	at net.sf.jasperreports.engine.fill.JREvaluator.evaluateEstimated(JREvaluator.java:381)
	... 27 more
Caused by:
net.sf.jasperreports.engine.fill.JRExpressionEvalException: Error evaluating expression for source text: new SimpleDateFormat("dd/MM/yyyy").format(new java.text.SimpleDateFormat("yyyy-MM-dd HH:mm:ss").parse($F{Fecha_de_inicio-date_start2}))
	at net.sf.jasperreports.engine.fill.JREvaluator.handleEvaluationException(JREvaluator.java:287)
	at net.sf.jasperreports.compilers.GroovyEvaluator.handleEvaluationException(GroovyEvaluator.java:98)
	at net.sf.jasperreports.engine.fill.JREvaluator.evaluateEstimated(JREvaluator.java:395)
	at net.sf.jasperreports.engine.fill.JRCalculator.evaluateEstimated(JRCalculator.java:663)
	at net.sf.jasperreports.engine.fill.JRCalculator.estimateVariables(JRCalculator.java:249)
	at net.sf.jasperreports.engine.fill.JRFillDataset.next(JRFillDataset.java:1392)
	at net.sf.jasperreports.engine.fill.SortFillDatasetRun.advanceDataset(DatasetSortUtil.java:371)
	at net.sf.jasperreports.engine.fill.JRFillDatasetRun.iterate(JRFillDatasetRun.java:301)
	at net.sf.jasperreports.engine.fill.SortFillDatasetRun.sort(DatasetSortUtil.java:319)
	at net.sf.jasperreports.engine.fill.DatasetSortUtil.getSortedDataSource(DatasetSortUtil.java:112)
	at net.sf.jasperreports.engine.fill.JRFillDataset.initDatasource(JRFillDataset.java:730)
	at net.sf.jasperreports.engine.fill.BaseReportFiller.setParameters(BaseReportFiller.java:429)
	at net.sf.jasperreports.engine.fill.JRBaseFiller.fill(JRBaseFiller.java:572)
	at net.sf.jasperreports.engine.fill.BaseReportFiller.fill(BaseReportFiller.java:405)
	at net.sf.jasperreports.engine.fill.JRFiller.fill(JRFiller.java:140)
	at net.sf.jasperreports.engine.JasperFillManager.fill(JasperFillManager.java:667)
	at net.sf.jasperreports.engine.JasperFillManager.fillReport(JasperFillManager.java:983)
	at com.nantic.jasperreports.JasperServer.privateExecute(JasperServer.java:221)
	at com.nantic.jasperreports.JasperServer.execute(JasperServer.java:130)
	at java.base/jdk.internal.reflect.NativeMethodAccessorImpl.invoke0(Native Method)
	at java.base/jdk.internal.reflect.NativeMethodAccessorImpl.invoke(NativeMethodAccessorImpl.java:62)
	at java.base/jdk.internal.reflect.DelegatingMethodAccessorImpl.invoke(DelegatingMethodAccessorImpl.java:43)
	at java.base/java.lang.reflect.Method.invoke(Method.java:566)
	at org.apache.xmlrpc.server.ReflectiveXmlRpcHandler.invoke(ReflectiveXmlRpcHandler.java:112)
	at org.apache.xmlrpc.server.ReflectiveXmlRpcHandler.execute(ReflectiveXmlRpcHandler.java:103)
	at org.apache.xmlrpc.server.XmlRpcServerWorker.execute(XmlRpcServerWorker.java:43)
	at org.apache.xmlrpc.server.XmlRpcServer.execute(XmlRpcServer.java:83)
	at org.apache.xmlrpc.server.XmlRpcStreamServer.execute(XmlRpcStreamServer.java:191)
	at org.apache.xmlrpc.webserver.Connection.run(Connection.java:205)
	at org.apache.xmlrpc.util.ThreadPool$Poolable$1.run(ThreadPool.java:68)
Caused by: java.text.ParseException: Unparseable date: ""
	at java.base/java.text.DateFormat.parse(DateFormat.java:395)
	at java.base/jdk.internal.reflect.NativeMethodAccessorImpl.invoke0(Native Method)
	at java.base/jdk.internal.reflect.NativeMethodAccessorImpl.invoke(NativeMethodAccessorImpl.java:62)
	at java.base/jdk.internal.reflect.DelegatingMethodAccessorImpl.invoke(DelegatingMethodAccessorImpl.java:43)
	at java.base/java.lang.reflect.Method.invoke(Method.java:566)
	at org.codehaus.groovy.runtime.callsite.PojoMetaMethodSite$PojoCachedMethodSite.invoke(PojoMetaMethodSite.java:189)
	at org.codehaus.groovy.runtime.callsite.PojoMetaMethodSite.call(PojoMetaMethodSite.java:53)
	at org.codehaus.groovy.runtime.callsite.CallSiteArray.defaultCall(CallSiteArray.java:45)
	at org.codehaus.groovy.runtime.callsite.AbstractCallSite.call(AbstractCallSite.java:108)
	at org.codehaus.groovy.runtime.callsite.AbstractCallSite.call(AbstractCallSite.java:116)
	at report32name_1577389300081_788683.evaluateEstimated(calculator_report32name_1577389300081_788683:1318)
	at net.sf.jasperreports.engine.fill.JREvaluator.evaluateEstimated(JREvaluator.java:381)
	... 27 more
7    [XML-RPC-0] ERROR org.apache.xmlrpc.server.XmlRpcStreamServer - execute: Error while performing request
org.apache.xmlrpc.common.XmlRpcInvocationException: Failed to invoke method execute in class com.nantic.jasperreports.JasperServer: Error evaluating expression for source text: new SimpleDateFormat("dd/MM/yyyy").format(new SimpleDateFormat("yyyy-MM-dd HH:mm:ss").parse($F{Fecha_de_inicio-date_start2}))
	at org.apache.xmlrpc.server.ReflectiveXmlRpcHandler.invoke(ReflectiveXmlRpcHandler.java:126)
	at org.apache.xmlrpc.server.ReflectiveXmlRpcHandler.execute(ReflectiveXmlRpcHandler.java:103)
	at org.apache.xmlrpc.server.XmlRpcServerWorker.execute(XmlRpcServerWorker.java:43)
	at org.apache.xmlrpc.server.XmlRpcServer.execute(XmlRpcServer.java:83)
	at org.apache.xmlrpc.server.XmlRpcStreamServer.execute(XmlRpcStreamServer.java:191)
	at org.apache.xmlrpc.webserver.Connection.run(Connection.java:205)
	at org.apache.xmlrpc.util.ThreadPool$Poolable$1.run(ThreadPool.java:68)
Caused by: net.sf.jasperreports.engine.fill.JRExpressionEvalException: Error evaluating expression for source text: new SimpleDateFormat("dd/MM/yyyy").format(new SimpleDateFormat("yyyy-MM-dd HH:mm:ss").parse($F{Fecha_de_inicio-date_start2}))
	at net.sf.jasperreports.engine.fill.JREvaluator.handleEvaluationException(JREvaluator.java:287)
	at net.sf.jasperreports.compilers.GroovyEvaluator.handleEvaluationException(GroovyEvaluator.java:98)
	at net.sf.jasperreports.engine.fill.JREvaluator.evaluateEstimated(JREvaluator.java:395)
	at net.sf.jasperreports.engine.fill.JRCalculator.evaluateEstimated(JRCalculator.java:663)
	at net.sf.jasperreports.engine.fill.JRCalculator.estimateVariables(JRCalculator.java:249)
	at net.sf.jasperreports.engine.fill.JRFillDataset.next(JRFillDataset.java:1392)
	at net.sf.jasperreports.engine.fill.SortFillDatasetRun.advanceDataset(DatasetSortUtil.java:371)
	at net.sf.jasperreports.engine.fill.JRFillDatasetRun.iterate(JRFillDatasetRun.java:301)
	at net.sf.jasperreports.engine.fill.SortFillDatasetRun.sort(DatasetSortUtil.java:319)
	at net.sf.jasperreports.engine.fill.DatasetSortUtil.getSortedDataSource(DatasetSortUtil.java:112)
	at net.sf.jasperreports.engine.fill.JRFillDataset.initDatasource(JRFillDataset.java:730)
	at net.sf.jasperreports.engine.fill.BaseReportFiller.setParameters(BaseReportFiller.java:429)
	at net.sf.jasperreports.engine.fill.JRBaseFiller.fill(JRBaseFiller.java:572)
	at net.sf.jasperreports.engine.fill.BaseReportFiller.fill(BaseReportFiller.java:405)
	at net.sf.jasperreports.engine.fill.JRFiller.fill(JRFiller.java:140)
	at net.sf.jasperreports.engine.JasperFillManager.fill(JasperFillManager.java:667)
	at net.sf.jasperreports.engine.JasperFillManager.fillReport(JasperFillManager.java:983)
	at com.nantic.jasperreports.JasperServer.privateExecute(JasperServer.java:221)
	at com.nantic.jasperreports.JasperServer.execute(JasperServer.java:130)
	at java.base/jdk.internal.reflect.NativeMethodAccessorImpl.invoke0(Native Method)
	at java.base/jdk.internal.reflect.NativeMethodAccessorImpl.invoke(NativeMethodAccessorImpl.java:62)
	at java.base/jdk.internal.reflect.DelegatingMethodAccessorImpl.invoke(DelegatingMethodAccessorImpl.java:43)
	at java.base/java.lang.reflect.Method.invoke(Method.java:566)
	at org.apache.xmlrpc.server.ReflectiveXmlRpcHandler.invoke(ReflectiveXmlRpcHandler.java:112)
	... 6 more
Caused by: java.text.ParseException: Unparseable date: ""
	at java.base/java.text.DateFormat.parse(DateFormat.java:395)
	at java.base/jdk.internal.reflect.NativeMethodAccessorImpl.invoke0(Native Method)
	at java.base/jdk.internal.reflect.NativeMethodAccessorImpl.invoke(NativeMethodAccessorImpl.java:62)
	at java.base/jdk.internal.reflect.DelegatingMethodAccessorImpl.invoke(DelegatingMethodAccessorImpl.java:43)
	at java.base/java.lang.reflect.Method.invoke(Method.java:566)
	at org.codehaus.groovy.runtime.callsite.PojoMetaMethodSite$PojoCachedMethodSite.invoke(PojoMetaMethodSite.java:189)
	at org.codehaus.groovy.runtime.callsite.PojoMetaMethodSite.call(PojoMetaMethodSite.java:53)
	at org.codehaus.groovy.runtime.callsite.CallSiteArray.defaultCall(CallSiteArray.java:45)
	at org.codehaus.groovy.runtime.callsite.AbstractCallSite.call(AbstractCallSite.java:108)
	at org.codehaus.groovy.runtime.callsite.AbstractCallSite.call(AbstractCallSite.java:116)
	at report32name_1577390646752_778865.evaluateEstimated(calculator_report32name_1577390646752_778865:1318)
	at net.sf.jasperreports.engine.fill.JREvaluator.evaluateEstimated(JREvaluator.java:381)
	... 27 more
Caused by:
net.sf.jasperreports.engine.fill.JRExpressionEvalException: Error evaluating expression for source text: new SimpleDateFormat("dd/MM/yyyy").format(new SimpleDateFormat("yyyy-MM-dd HH:mm:ss").parse($F{Fecha_de_inicio-date_start2}))
	at net.sf.jasperreports.engine.fill.JREvaluator.handleEvaluationException(JREvaluator.java:287)
	at net.sf.jasperreports.compilers.GroovyEvaluator.handleEvaluationException(GroovyEvaluator.java:98)
	at net.sf.jasperreports.engine.fill.JREvaluator.evaluateEstimated(JREvaluator.java:395)
	at net.sf.jasperreports.engine.fill.JRCalculator.evaluateEstimated(JRCalculator.java:663)
	at net.sf.jasperreports.engine.fill.JRCalculator.estimateVariables(JRCalculator.java:249)
	at net.sf.jasperreports.engine.fill.JRFillDataset.next(JRFillDataset.java:1392)
	at net.sf.jasperreports.engine.fill.SortFillDatasetRun.advanceDataset(DatasetSortUtil.java:371)
	at net.sf.jasperreports.engine.fill.JRFillDatasetRun.iterate(JRFillDatasetRun.java:301)
	at net.sf.jasperreports.engine.fill.SortFillDatasetRun.sort(DatasetSortUtil.java:319)
	at net.sf.jasperreports.engine.fill.DatasetSortUtil.getSortedDataSource(DatasetSortUtil.java:112)
	at net.sf.jasperreports.engine.fill.JRFillDataset.initDatasource(JRFillDataset.java:730)
	at net.sf.jasperreports.engine.fill.BaseReportFiller.setParameters(BaseReportFiller.java:429)
	at net.sf.jasperreports.engine.fill.JRBaseFiller.fill(JRBaseFiller.java:572)
	at net.sf.jasperreports.engine.fill.BaseReportFiller.fill(BaseReportFiller.java:405)
	at net.sf.jasperreports.engine.fill.JRFiller.fill(JRFiller.java:140)
	at net.sf.jasperreports.engine.JasperFillManager.fill(JasperFillManager.java:667)
	at net.sf.jasperreports.engine.JasperFillManager.fillReport(JasperFillManager.java:983)
	at com.nantic.jasperreports.JasperServer.privateExecute(JasperServer.java:221)
	at com.nantic.jasperreports.JasperServer.execute(JasperServer.java:130)
	at java.base/jdk.internal.reflect.NativeMethodAccessorImpl.invoke0(Native Method)
	at java.base/jdk.internal.reflect.NativeMethodAccessorImpl.invoke(NativeMethodAccessorImpl.java:62)
	at java.base/jdk.internal.reflect.DelegatingMethodAccessorImpl.invoke(DelegatingMethodAccessorImpl.java:43)
	at java.base/java.lang.reflect.Method.invoke(Method.java:566)
	at org.apache.xmlrpc.server.ReflectiveXmlRpcHandler.invoke(ReflectiveXmlRpcHandler.java:112)
	at org.apache.xmlrpc.server.ReflectiveXmlRpcHandler.execute(ReflectiveXmlRpcHandler.java:103)
	at org.apache.xmlrpc.server.XmlRpcServerWorker.execute(XmlRpcServerWorker.java:43)
	at org.apache.xmlrpc.server.XmlRpcServer.execute(XmlRpcServer.java:83)
	at org.apache.xmlrpc.server.XmlRpcStreamServer.execute(XmlRpcStreamServer.java:191)
	at org.apache.xmlrpc.webserver.Connection.run(Connection.java:205)
	at org.apache.xmlrpc.util.ThreadPool$Poolable$1.run(ThreadPool.java:68)
Caused by: java.text.ParseException: Unparseable date: ""
	at java.base/java.text.DateFormat.parse(DateFormat.java:395)
	at java.base/jdk.internal.reflect.NativeMethodAccessorImpl.invoke0(Native Method)
	at java.base/jdk.internal.reflect.NativeMethodAccessorImpl.invoke(NativeMethodAccessorImpl.java:62)
	at java.base/jdk.internal.reflect.DelegatingMethodAccessorImpl.invoke(DelegatingMethodAccessorImpl.java:43)
	at java.base/java.lang.reflect.Method.invoke(Method.java:566)
	at org.codehaus.groovy.runtime.callsite.PojoMetaMethodSite$PojoCachedMethodSite.invoke(PojoMetaMethodSite.java:189)
	at org.codehaus.groovy.runtime.callsite.PojoMetaMethodSite.call(PojoMetaMethodSite.java:53)
	at org.codehaus.groovy.runtime.callsite.CallSiteArray.defaultCall(CallSiteArray.java:45)
	at org.codehaus.groovy.runtime.callsite.AbstractCallSite.call(AbstractCallSite.java:108)
	at org.codehaus.groovy.runtime.callsite.AbstractCallSite.call(AbstractCallSite.java:116)
	at report32name_1577390646752_778865.evaluateEstimated(calculator_report32name_1577390646752_778865:1318)
	at net.sf.jasperreports.engine.fill.JREvaluator.evaluateEstimated(JREvaluator.java:381)
	... 27 more
6    [XML-RPC-0] ERROR org.apache.xmlrpc.server.XmlRpcStreamServer - execute: Error while performing request
org.apache.xmlrpc.common.XmlRpcInvocationException: Failed to invoke method execute in class com.nantic.jasperreports.JasperServer: Error evaluating expression for source text: new SimpleDateFormat("dd/MM/yyyy").format($F{Fecha_de_inicio-date_start2})
	at org.apache.xmlrpc.server.ReflectiveXmlRpcHandler.invoke(ReflectiveXmlRpcHandler.java:126)
	at org.apache.xmlrpc.server.ReflectiveXmlRpcHandler.execute(ReflectiveXmlRpcHandler.java:103)
	at org.apache.xmlrpc.server.XmlRpcServerWorker.execute(XmlRpcServerWorker.java:43)
	at org.apache.xmlrpc.server.XmlRpcServer.execute(XmlRpcServer.java:83)
	at org.apache.xmlrpc.server.XmlRpcStreamServer.execute(XmlRpcStreamServer.java:191)
	at org.apache.xmlrpc.webserver.Connection.run(Connection.java:205)
	at org.apache.xmlrpc.util.ThreadPool$Poolable$1.run(ThreadPool.java:68)
Caused by: net.sf.jasperreports.engine.fill.JRExpressionEvalException: Error evaluating expression for source text: new SimpleDateFormat("dd/MM/yyyy").format($F{Fecha_de_inicio-date_start2})
	at net.sf.jasperreports.engine.fill.JREvaluator.handleEvaluationException(JREvaluator.java:287)
	at net.sf.jasperreports.compilers.GroovyEvaluator.handleEvaluationException(GroovyEvaluator.java:98)
	at net.sf.jasperreports.engine.fill.JREvaluator.evaluateEstimated(JREvaluator.java:395)
	at net.sf.jasperreports.engine.fill.JRCalculator.evaluateEstimated(JRCalculator.java:663)
	at net.sf.jasperreports.engine.fill.JRCalculator.estimateVariables(JRCalculator.java:249)
	at net.sf.jasperreports.engine.fill.JRFillDataset.next(JRFillDataset.java:1392)
	at net.sf.jasperreports.engine.fill.SortFillDatasetRun.advanceDataset(DatasetSortUtil.java:371)
	at net.sf.jasperreports.engine.fill.JRFillDatasetRun.iterate(JRFillDatasetRun.java:301)
	at net.sf.jasperreports.engine.fill.SortFillDatasetRun.sort(DatasetSortUtil.java:319)
	at net.sf.jasperreports.engine.fill.DatasetSortUtil.getSortedDataSource(DatasetSortUtil.java:112)
	at net.sf.jasperreports.engine.fill.JRFillDataset.initDatasource(JRFillDataset.java:730)
	at net.sf.jasperreports.engine.fill.BaseReportFiller.setParameters(BaseReportFiller.java:429)
	at net.sf.jasperreports.engine.fill.JRBaseFiller.fill(JRBaseFiller.java:572)
	at net.sf.jasperreports.engine.fill.BaseReportFiller.fill(BaseReportFiller.java:405)
	at net.sf.jasperreports.engine.fill.JRFiller.fill(JRFiller.java:140)
	at net.sf.jasperreports.engine.JasperFillManager.fill(JasperFillManager.java:667)
	at net.sf.jasperreports.engine.JasperFillManager.fillReport(JasperFillManager.java:983)
	at com.nantic.jasperreports.JasperServer.privateExecute(JasperServer.java:221)
	at com.nantic.jasperreports.JasperServer.execute(JasperServer.java:130)
	at java.base/jdk.internal.reflect.NativeMethodAccessorImpl.invoke0(Native Method)
	at java.base/jdk.internal.reflect.NativeMethodAccessorImpl.invoke(NativeMethodAccessorImpl.java:62)
	at java.base/jdk.internal.reflect.DelegatingMethodAccessorImpl.invoke(DelegatingMethodAccessorImpl.java:43)
	at java.base/java.lang.reflect.Method.invoke(Method.java:566)
	at org.apache.xmlrpc.server.ReflectiveXmlRpcHandler.invoke(ReflectiveXmlRpcHandler.java:112)
	... 6 more
Caused by: java.lang.IllegalArgumentException: Cannot format given Object as a Date
	at java.base/java.text.DateFormat.format(DateFormat.java:338)
	at java.base/java.text.Format.format(Format.java:158)
	at java.base/jdk.internal.reflect.NativeMethodAccessorImpl.invoke0(Native Method)
	at java.base/jdk.internal.reflect.NativeMethodAccessorImpl.invoke(NativeMethodAccessorImpl.java:62)
	at java.base/jdk.internal.reflect.DelegatingMethodAccessorImpl.invoke(DelegatingMethodAccessorImpl.java:43)
	at java.base/java.lang.reflect.Method.invoke(Method.java:566)
	at org.codehaus.groovy.runtime.callsite.PojoMetaMethodSite$PojoCachedMethodSite.invoke(PojoMetaMethodSite.java:189)
	at org.codehaus.groovy.runtime.callsite.PojoMetaMethodSite.call(PojoMetaMethodSite.java:53)
	at org.codehaus.groovy.runtime.callsite.CallSiteArray.defaultCall(CallSiteArray.java:45)
	at org.codehaus.groovy.runtime.callsite.AbstractCallSite.call(AbstractCallSite.java:108)
	at org.codehaus.groovy.runtime.callsite.AbstractCallSite.call(AbstractCallSite.java:116)
	at report32name_1577390773175_258347.evaluateEstimated(calculator_report32name_1577390773175_258347:1318)
	at net.sf.jasperreports.engine.fill.JREvaluator.evaluateEstimated(JREvaluator.java:381)
	... 27 more
Caused by:
net.sf.jasperreports.engine.fill.JRExpressionEvalException: Error evaluating expression for source text: new SimpleDateFormat("dd/MM/yyyy").format($F{Fecha_de_inicio-date_start2})
	at net.sf.jasperreports.engine.fill.JREvaluator.handleEvaluationException(JREvaluator.java:287)
	at net.sf.jasperreports.compilers.GroovyEvaluator.handleEvaluationException(GroovyEvaluator.java:98)
	at net.sf.jasperreports.engine.fill.JREvaluator.evaluateEstimated(JREvaluator.java:395)
	at net.sf.jasperreports.engine.fill.JRCalculator.evaluateEstimated(JRCalculator.java:663)
	at net.sf.jasperreports.engine.fill.JRCalculator.estimateVariables(JRCalculator.java:249)
	at net.sf.jasperreports.engine.fill.JRFillDataset.next(JRFillDataset.java:1392)
	at net.sf.jasperreports.engine.fill.SortFillDatasetRun.advanceDataset(DatasetSortUtil.java:371)
	at net.sf.jasperreports.engine.fill.JRFillDatasetRun.iterate(JRFillDatasetRun.java:301)
	at net.sf.jasperreports.engine.fill.SortFillDatasetRun.sort(DatasetSortUtil.java:319)
	at net.sf.jasperreports.engine.fill.DatasetSortUtil.getSortedDataSource(DatasetSortUtil.java:112)
	at net.sf.jasperreports.engine.fill.JRFillDataset.initDatasource(JRFillDataset.java:730)
	at net.sf.jasperreports.engine.fill.BaseReportFiller.setParameters(BaseReportFiller.java:429)
	at net.sf.jasperreports.engine.fill.JRBaseFiller.fill(JRBaseFiller.java:572)
	at net.sf.jasperreports.engine.fill.BaseReportFiller.fill(BaseReportFiller.java:405)
	at net.sf.jasperreports.engine.fill.JRFiller.fill(JRFiller.java:140)
	at net.sf.jasperreports.engine.JasperFillManager.fill(JasperFillManager.java:667)
	at net.sf.jasperreports.engine.JasperFillManager.fillReport(JasperFillManager.java:983)
	at com.nantic.jasperreports.JasperServer.privateExecute(JasperServer.java:221)
	at com.nantic.jasperreports.JasperServer.execute(JasperServer.java:130)
	at java.base/jdk.internal.reflect.NativeMethodAccessorImpl.invoke0(Native Method)
	at java.base/jdk.internal.reflect.NativeMethodAccessorImpl.invoke(NativeMethodAccessorImpl.java:62)
	at java.base/jdk.internal.reflect.DelegatingMethodAccessorImpl.invoke(DelegatingMethodAccessorImpl.java:43)
	at java.base/java.lang.reflect.Method.invoke(Method.java:566)
	at org.apache.xmlrpc.server.ReflectiveXmlRpcHandler.invoke(ReflectiveXmlRpcHandler.java:112)
	at org.apache.xmlrpc.server.ReflectiveXmlRpcHandler.execute(ReflectiveXmlRpcHandler.java:103)
	at org.apache.xmlrpc.server.XmlRpcServerWorker.execute(XmlRpcServerWorker.java:43)
	at org.apache.xmlrpc.server.XmlRpcServer.execute(XmlRpcServer.java:83)
	at org.apache.xmlrpc.server.XmlRpcStreamServer.execute(XmlRpcStreamServer.java:191)
	at org.apache.xmlrpc.webserver.Connection.run(Connection.java:205)
	at org.apache.xmlrpc.util.ThreadPool$Poolable$1.run(ThreadPool.java:68)
Caused by: java.lang.IllegalArgumentException: Cannot format given Object as a Date
	at java.base/java.text.DateFormat.format(DateFormat.java:338)
	at java.base/java.text.Format.format(Format.java:158)
	at java.base/jdk.internal.reflect.NativeMethodAccessorImpl.invoke0(Native Method)
	at java.base/jdk.internal.reflect.NativeMethodAccessorImpl.invoke(NativeMethodAccessorImpl.java:62)
	at java.base/jdk.internal.reflect.DelegatingMethodAccessorImpl.invoke(DelegatingMethodAccessorImpl.java:43)
	at java.base/java.lang.reflect.Method.invoke(Method.java:566)
	at org.codehaus.groovy.runtime.callsite.PojoMetaMethodSite$PojoCachedMethodSite.invoke(PojoMetaMethodSite.java:189)
	at org.codehaus.groovy.runtime.callsite.PojoMetaMethodSite.call(PojoMetaMethodSite.java:53)
	at org.codehaus.groovy.runtime.callsite.CallSiteArray.defaultCall(CallSiteArray.java:45)
	at org.codehaus.groovy.runtime.callsite.AbstractCallSite.call(AbstractCallSite.java:108)
	at org.codehaus.groovy.runtime.callsite.AbstractCallSite.call(AbstractCallSite.java:116)
	at report32name_1577390773175_258347.evaluateEstimated(calculator_report32name_1577390773175_258347:1318)
	at net.sf.jasperreports.engine.fill.JREvaluator.evaluateEstimated(JREvaluator.java:381)
	... 27 more
0    [XML-RPC-0] ERROR org.apache.xmlrpc.server.XmlRpcStreamServer - execute: Error while performing request
org.apache.xmlrpc.common.XmlRpcInvocationException: Failed to invoke method execute in class com.nantic.jasperreports.JasperServer: Errors were encountered when compiling report expressions class file: org.codehaus.groovy.control.MultipleCompilationErrorsException: startup failed:
calculator_report32name_1577391079071_102875: 830: expecting '}', found ')' @ line 830, column 52.
1 error
.
	at org.apache.xmlrpc.server.ReflectiveXmlRpcHandler.invoke(ReflectiveXmlRpcHandler.java:126)
	at org.apache.xmlrpc.server.ReflectiveXmlRpcHandler.execute(ReflectiveXmlRpcHandler.java:103)
	at org.apache.xmlrpc.server.XmlRpcServerWorker.execute(XmlRpcServerWorker.java:43)
	at org.apache.xmlrpc.server.XmlRpcServer.execute(XmlRpcServer.java:83)
	at org.apache.xmlrpc.server.XmlRpcStreamServer.execute(XmlRpcStreamServer.java:191)
	at org.apache.xmlrpc.webserver.Connection.run(Connection.java:205)
	at org.apache.xmlrpc.util.ThreadPool$Poolable$1.run(ThreadPool.java:68)
Caused by: net.sf.jasperreports.engine.JRException: Errors were encountered when compiling report expressions class file: org.codehaus.groovy.control.MultipleCompilationErrorsException: startup failed:
calculator_report32name_1577391079071_102875: 830: expecting '}', found ')' @ line 830, column 52.
1 error
.
	at net.sf.jasperreports.compilers.JRGroovyCompiler.compileUnits(JRGroovyCompiler.java:109)
	at net.sf.jasperreports.engine.design.JRAbstractCompiler.compileReport(JRAbstractCompiler.java:203)
	at net.sf.jasperreports.engine.JasperCompileManager.compile(JasperCompileManager.java:357)
	at net.sf.jasperreports.engine.JasperCompileManager.compileToFile(JasperCompileManager.java:273)
	at net.sf.jasperreports.engine.JasperCompileManager.compileToFile(JasperCompileManager.java:255)
	at net.sf.jasperreports.engine.JasperCompileManager.compileReportToFile(JasperCompileManager.java:554)
	at com.nantic.jasperreports.JasperServer.compile(JasperServer.java:107)
	at com.nantic.jasperreports.JasperServer.privateExecute(JasperServer.java:146)
	at com.nantic.jasperreports.JasperServer.execute(JasperServer.java:130)
	at java.base/jdk.internal.reflect.NativeMethodAccessorImpl.invoke0(Native Method)
	at java.base/jdk.internal.reflect.NativeMethodAccessorImpl.invoke(NativeMethodAccessorImpl.java:62)
	at java.base/jdk.internal.reflect.DelegatingMethodAccessorImpl.invoke(DelegatingMethodAccessorImpl.java:43)
	at java.base/java.lang.reflect.Method.invoke(Method.java:566)
	at org.apache.xmlrpc.server.ReflectiveXmlRpcHandler.invoke(ReflectiveXmlRpcHandler.java:112)
	... 6 more
Caused by: org.codehaus.groovy.control.MultipleCompilationErrorsException: startup failed:
calculator_report32name_1577391079071_102875: 830: expecting '}', found ')' @ line 830, column 52.
1 error

	at org.codehaus.groovy.control.ErrorCollector.failIfErrors(ErrorCollector.java:309)
	at org.codehaus.groovy.control.ErrorCollector.addFatalError(ErrorCollector.java:149)
	at org.codehaus.groovy.control.ErrorCollector.addError(ErrorCollector.java:119)
	at org.codehaus.groovy.control.ErrorCollector.addError(ErrorCollector.java:131)
	at org.codehaus.groovy.control.SourceUnit.addError(SourceUnit.java:359)
	at org.codehaus.groovy.antlr.AntlrParserPlugin.transformCSTIntoAST(AntlrParserPlugin.java:142)
	at org.codehaus.groovy.antlr.AntlrParserPlugin.parseCST(AntlrParserPlugin.java:108)
	at org.codehaus.groovy.control.SourceUnit.parse(SourceUnit.java:236)
	at org.codehaus.groovy.control.CompilationUnit$1.call(CompilationUnit.java:162)
	at org.codehaus.groovy.control.CompilationUnit.applyToSourceUnits(CompilationUnit.java:912)
	at org.codehaus.groovy.control.CompilationUnit.doPhaseOperation(CompilationUnit.java:574)
	at org.codehaus.groovy.control.CompilationUnit.processPhaseOperations(CompilationUnit.java:550)
	at org.codehaus.groovy.control.CompilationUnit.compile(CompilationUnit.java:527)
	at net.sf.jasperreports.compilers.JRGroovyCompiler.compileUnits(JRGroovyCompiler.java:102)
	... 19 more
Caused by:
net.sf.jasperreports.engine.JRException: Errors were encountered when compiling report expressions class file: org.codehaus.groovy.control.MultipleCompilationErrorsException: startup failed:
calculator_report32name_1577391079071_102875: 830: expecting '}', found ')' @ line 830, column 52.
1 error
.
	at net.sf.jasperreports.compilers.JRGroovyCompiler.compileUnits(JRGroovyCompiler.java:109)
	at net.sf.jasperreports.engine.design.JRAbstractCompiler.compileReport(JRAbstractCompiler.java:203)
	at net.sf.jasperreports.engine.JasperCompileManager.compile(JasperCompileManager.java:357)
	at net.sf.jasperreports.engine.JasperCompileManager.compileToFile(JasperCompileManager.java:273)
	at net.sf.jasperreports.engine.JasperCompileManager.compileToFile(JasperCompileManager.java:255)
	at net.sf.jasperreports.engine.JasperCompileManager.compileReportToFile(JasperCompileManager.java:554)
	at com.nantic.jasperreports.JasperServer.compile(JasperServer.java:107)
	at com.nantic.jasperreports.JasperServer.privateExecute(JasperServer.java:146)
	at com.nantic.jasperreports.JasperServer.execute(JasperServer.java:130)
	at java.base/jdk.internal.reflect.NativeMethodAccessorImpl.invoke0(Native Method)
	at java.base/jdk.internal.reflect.NativeMethodAccessorImpl.invoke(NativeMethodAccessorImpl.java:62)
	at java.base/jdk.internal.reflect.DelegatingMethodAccessorImpl.invoke(DelegatingMethodAccessorImpl.java:43)
	at java.base/java.lang.reflect.Method.invoke(Method.java:566)
	at org.apache.xmlrpc.server.ReflectiveXmlRpcHandler.invoke(ReflectiveXmlRpcHandler.java:112)
	at org.apache.xmlrpc.server.ReflectiveXmlRpcHandler.execute(ReflectiveXmlRpcHandler.java:103)
	at org.apache.xmlrpc.server.XmlRpcServerWorker.execute(XmlRpcServerWorker.java:43)
	at org.apache.xmlrpc.server.XmlRpcServer.execute(XmlRpcServer.java:83)
	at org.apache.xmlrpc.server.XmlRpcStreamServer.execute(XmlRpcStreamServer.java:191)
	at org.apache.xmlrpc.webserver.Connection.run(Connection.java:205)
	at org.apache.xmlrpc.util.ThreadPool$Poolable$1.run(ThreadPool.java:68)
Caused by: org.codehaus.groovy.control.MultipleCompilationErrorsException: startup failed:
calculator_report32name_1577391079071_102875: 830: expecting '}', found ')' @ line 830, column 52.
1 error

	at org.codehaus.groovy.control.ErrorCollector.failIfErrors(ErrorCollector.java:309)
	at org.codehaus.groovy.control.ErrorCollector.addFatalError(ErrorCollector.java:149)
	at org.codehaus.groovy.control.ErrorCollector.addError(ErrorCollector.java:119)
	at org.codehaus.groovy.control.ErrorCollector.addError(ErrorCollector.java:131)
	at org.codehaus.groovy.control.SourceUnit.addError(SourceUnit.java:359)
	at org.codehaus.groovy.antlr.AntlrParserPlugin.transformCSTIntoAST(AntlrParserPlugin.java:142)
	at org.codehaus.groovy.antlr.AntlrParserPlugin.parseCST(AntlrParserPlugin.java:108)
	at org.codehaus.groovy.control.SourceUnit.parse(SourceUnit.java:236)
	at org.codehaus.groovy.control.CompilationUnit$1.call(CompilationUnit.java:162)
	at org.codehaus.groovy.control.CompilationUnit.applyToSourceUnits(CompilationUnit.java:912)
	at org.codehaus.groovy.control.CompilationUnit.doPhaseOperation(CompilationUnit.java:574)
	at org.codehaus.groovy.control.CompilationUnit.processPhaseOperations(CompilationUnit.java:550)
	at org.codehaus.groovy.control.CompilationUnit.compile(CompilationUnit.java:527)
	at net.sf.jasperreports.compilers.JRGroovyCompiler.compileUnits(JRGroovyCompiler.java:102)
	... 19 more
